#
# There is insufficient memory for the Java Runtime Environment to continue.
# Native memory allocation (malloc) failed to allocate 1365184 bytes for Chunk::new
# Possible reasons:
#   The system is out of physical RAM or swap space
#   The process is running with CompressedOops enabled, and the Java Heap may be blocking the growth of the native heap
# Possible solutions:
#   Reduce memory load on the system
#   Increase physical memory or swap space
#   Check if swap backing store is full
#   Decrease Java heap size (-Xmx/-Xms)
#   Decrease number of Java threads
#   Decrease Java thread stack sizes (-Xss)
#   Set larger code cache with -XX:ReservedCodeCacheSize=
#   JVM is running with Zero Based Compressed Oops mode in which the Java heap is
#     placed in the first 32GB address space. The Java Heap base address is the
#     maximum limit for the native heap growth. Please use -XX:HeapBaseMinAddress
#     to set the Java Heap base and to place the Java Heap above 32GB virtual address.
# This output file may be truncated or incomplete.
#
#  Out of Memory Error (./open/src/hotspot/share/memory/arena.cpp:195), pid=3176, tid=9936
#
# JRE version: Java(TM) SE Runtime Environment (14.0.2+12) (build 14.0.2+12-46)
# Java VM: Java HotSpot(TM) 64-Bit Server VM (14.0.2+12-46, mixed mode, sharing, tiered, compressed oops, g1 gc, windows-amd64)
# No core dump will be written. Minidumps are not enabled by default on client versions of Windows
#

---------------  S U M M A R Y ------------

Command Line: -Dmaven.multiModuleProjectDirectory=D:\JAVA\Project\EnergyProject -DarchetypeCatalog=local -Dmaven.home=F:\Program Files\apache-maven-3.8.1 -Dclassworlds.conf=F:\Program Files\apache-maven-3.8.1\bin\m2.conf -Dmaven.ext.class.path=F:\Program Files\JetBrains\IntelliJ IDEA 2021.1.1\plugins\maven\lib\maven-event-listener.jar -Dfile.encoding=UTF-8 org.codehaus.classworlds.Launcher -Didea.version=2021.1.1 -s F:\Program Files\apache-maven-3.8.1\conf\settings.xml -Dmaven.repo.local=F:\mavenRepository compile war:exploded

Host: Intel(R) Core(TM) i5-9400 CPU @ 2.90GHz, 6 cores, 15G,  Windows 10 , 64 bit Build 19041 (10.0.19041.1023)
Time: Tue Jul  6 16:48:02 2021 中国标准时间 elapsed time: 1 seconds (0d 0h 0m 1s)

---------------  T H R E A D  ---------------

Current thread (0x0000025677e3f800):  JavaThread "C2 CompilerThread0" daemon [_thread_in_native, id=9936, stack(0x000000cdf2d00000,0x000000cdf2e00000)]


Current CompileTask:
C2:   1115 1824   !   4       java.net.URL::<init> (543 bytes)

Stack: [0x000000cdf2d00000,0x000000cdf2e00000]
Native frames: (J=compiled Java code, j=interpreted, Vv=VM code, C=native code)
V  [jvm.dll+0x5f8a9a]
V  [jvm.dll+0x74247a]
V  [jvm.dll+0x743c2f]
V  [jvm.dll+0x744273]
V  [jvm.dll+0x20d288]
V  [jvm.dll+0xabb07]
V  [jvm.dll+0xac1fc]
V  [jvm.dll+0x31c495]
V  [jvm.dll+0x2e6b38]
V  [jvm.dll+0x2e5f3a]
V  [jvm.dll+0x1e5e16]
V  [jvm.dll+0x1e50b8]
V  [jvm.dll+0x1779cc]
V  [jvm.dll+0x1f4105]
V  [jvm.dll+0x1f22eb]
V  [jvm.dll+0x7070cd]
V  [jvm.dll+0x6ffeda]
V  [jvm.dll+0x5f78f6]
C  [ucrtbase.dll+0x21bb2]
C  [KERNEL32.DLL+0x17034]
C  [ntdll.dll+0x52651]


---------------  P R O C E S S  ---------------

Threads class SMR info:
_java_thread_list=0x0000025678db93c0, length=12, elements={
0x0000025651bbb000, 0x000002567758c800, 0x0000025677591000, 0x0000025677e3a800,
0x0000025677e3d800, 0x0000025677e3e800, 0x0000025677e3f800, 0x0000025677e41000,
0x0000025677e55800, 0x0000025677f92000, 0x0000025677fa6000, 0x0000025678868800
}

Java Threads: ( => current thread )
  0x0000025651bbb000 JavaThread "main" [_thread_in_Java, id=19876, stack(0x000000cdf2100000,0x000000cdf2200000)]
  0x000002567758c800 JavaThread "Reference Handler" daemon [_thread_blocked, id=18828, stack(0x000000cdf2800000,0x000000cdf2900000)]
  0x0000025677591000 JavaThread "Finalizer" daemon [_thread_blocked, id=9388, stack(0x000000cdf2900000,0x000000cdf2a00000)]
  0x0000025677e3a800 JavaThread "Signal Dispatcher" daemon [_thread_blocked, id=22812, stack(0x000000cdf2a00000,0x000000cdf2b00000)]
  0x0000025677e3d800 JavaThread "Attach Listener" daemon [_thread_blocked, id=2148, stack(0x000000cdf2b00000,0x000000cdf2c00000)]
  0x0000025677e3e800 JavaThread "Service Thread" daemon [_thread_blocked, id=23728, stack(0x000000cdf2c00000,0x000000cdf2d00000)]
=>0x0000025677e3f800 JavaThread "C2 CompilerThread0" daemon [_thread_in_native, id=9936, stack(0x000000cdf2d00000,0x000000cdf2e00000)]
  0x0000025677e41000 JavaThread "C1 CompilerThread0" daemon [_thread_blocked, id=12696, stack(0x000000cdf2e00000,0x000000cdf2f00000)]
  0x0000025677e55800 JavaThread "Sweeper thread" daemon [_thread_blocked, id=20704, stack(0x000000cdf2f00000,0x000000cdf3000000)]
  0x0000025677f92000 JavaThread "Notification Thread" daemon [_thread_blocked, id=22308, stack(0x000000cdf3000000,0x000000cdf3100000)]
  0x0000025677fa6000 JavaThread "Common-Cleaner" daemon [_thread_blocked, id=14768, stack(0x000000cdf3200000,0x000000cdf3300000)]
  0x0000025678868800 JavaThread "C2 CompilerThread1" daemon [_thread_in_native, id=21000, stack(0x000000cdf3300000,0x000000cdf3400000)]

Other Threads:
  0x0000025677588000 VMThread "VM Thread" [stack: 0x000000cdf2700000,0x000000cdf2800000] [id=6376]
  0x0000025677f93800 WatcherThread [stack: 0x000000cdf3100000,0x000000cdf3200000] [id=468]
  0x0000025653d64800 GCTaskThread "GC Thread#0" [stack: 0x000000cdf2200000,0x000000cdf2300000] [id=19360]
  0x00000256788d4800 GCTaskThread "GC Thread#1" [stack: 0x000000cdf3400000,0x000000cdf3500000] [id=19660]
  0x00000256789ae000 GCTaskThread "GC Thread#2" [stack: 0x000000cdf3500000,0x000000cdf3600000] [id=2712]
  0x0000025678913800 GCTaskThread "GC Thread#3" [stack: 0x000000cdf3600000,0x000000cdf3700000] [id=18524]
  0x0000025678914000 GCTaskThread "GC Thread#4" [stack: 0x000000cdf3700000,0x000000cdf3800000] [id=16288]
  0x0000025678ecf800 GCTaskThread "GC Thread#5" [stack: 0x000000cdf3800000,0x000000cdf3900000] [id=19324]
  0x0000025653d87000 ConcurrentGCThread "G1 Main Marker" [stack: 0x000000cdf2300000,0x000000cdf2400000] [id=22624]
  0x0000025653d88000 ConcurrentGCThread "G1 Conc#0" [stack: 0x000000cdf2400000,0x000000cdf2500000] [id=13000]
  0x0000025677479800 ConcurrentGCThread "G1 Refine#0" [stack: 0x000000cdf2500000,0x000000cdf2600000] [id=18276]
  0x000002567747a800 ConcurrentGCThread "G1 Young RemSet Sampling" [stack: 0x000000cdf2600000,0x000000cdf2700000] [id=4584]

Threads with active compile tasks:
C2 CompilerThread0     1147 1824   !   4       java.net.URL::<init> (543 bytes)
C2 CompilerThread1     1147 2055  s    4       jdk.internal.jimage.BasicImageReader::findLocation (115 bytes)

VM state:not at safepoint (normal execution)

VM Mutex/Monitor currently owned by a thread: None

Heap address: 0x0000000702800000, size: 4056 MB, Compressed Oops mode: Zero based, Oop shift amount: 3
Narrow klass base: 0x0000000800000000, Narrow klass shift: 3
Compressed class space size: 1073741824 Address: 0x0000000800b30000

Heap:
 garbage-first heap   total 260096K, used 25197K [0x0000000702800000, 0x0000000800000000)
  region size 1024K, 23 young (23552K), 2 survivors (2048K)
 Metaspace       used 11853K, capacity 13629K, committed 13824K, reserved 1060864K
  class space    used 1447K, capacity 1696K, committed 1792K, reserved 1048576K
Heap Regions: E=young(eden), S=young(survivor), O=old, HS=humongous(starts), HC=humongous(continues), CS=collection set, F=free, OA=open archive, CA=closed archive, TAMS=top-at-mark-start (previous, next)
|   0|0x0000000702800000, 0x0000000702900000, 0x0000000702900000|100%| O|  |TAMS 0x0000000702800000, 0x0000000702800000| Untracked 
|   1|0x0000000702900000, 0x0000000702a00000, 0x0000000702a00000|100%| O|  |TAMS 0x0000000702900000, 0x0000000702900000| Untracked 
|   2|0x0000000702a00000, 0x0000000702b00000, 0x0000000702b00000|100%| O|  |TAMS 0x0000000702a00000, 0x0000000702a00000| Untracked 
|   3|0x0000000702b00000, 0x0000000702b7e000, 0x0000000702c00000| 49%| O|  |TAMS 0x0000000702b00000, 0x0000000702b00000| Untracked 
|   4|0x0000000702c00000, 0x0000000702c00000, 0x0000000702d00000|  0%| F|  |TAMS 0x0000000702c00000, 0x0000000702c00000| Untracked 
|   5|0x0000000702d00000, 0x0000000702d00000, 0x0000000702e00000|  0%| F|  |TAMS 0x0000000702d00000, 0x0000000702d00000| Untracked 
|   6|0x0000000702e00000, 0x0000000702e00000, 0x0000000702f00000|  0%| F|  |TAMS 0x0000000702e00000, 0x0000000702e00000| Untracked 
|   7|0x0000000702f00000, 0x0000000702f00000, 0x0000000703000000|  0%| F|  |TAMS 0x0000000702f00000, 0x0000000702f00000| Untracked 
|   8|0x0000000703000000, 0x0000000703000000, 0x0000000703100000|  0%| F|  |TAMS 0x0000000703000000, 0x0000000703000000| Untracked 
|   9|0x0000000703100000, 0x0000000703100000, 0x0000000703200000|  0%| F|  |TAMS 0x0000000703100000, 0x0000000703100000| Untracked 
|  10|0x0000000703200000, 0x0000000703200000, 0x0000000703300000|  0%| F|  |TAMS 0x0000000703200000, 0x0000000703200000| Untracked 
|  11|0x0000000703300000, 0x0000000703300000, 0x0000000703400000|  0%| F|  |TAMS 0x0000000703300000, 0x0000000703300000| Untracked 
|  12|0x0000000703400000, 0x0000000703400000, 0x0000000703500000|  0%| F|  |TAMS 0x0000000703400000, 0x0000000703400000| Untracked 
|  13|0x0000000703500000, 0x0000000703500000, 0x0000000703600000|  0%| F|  |TAMS 0x0000000703500000, 0x0000000703500000| Untracked 
|  14|0x0000000703600000, 0x0000000703600000, 0x0000000703700000|  0%| F|  |TAMS 0x0000000703600000, 0x0000000703600000| Untracked 
|  15|0x0000000703700000, 0x0000000703700000, 0x0000000703800000|  0%| F|  |TAMS 0x0000000703700000, 0x0000000703700000| Untracked 
|  16|0x0000000703800000, 0x0000000703800000, 0x0000000703900000|  0%| F|  |TAMS 0x0000000703800000, 0x0000000703800000| Untracked 
|  17|0x0000000703900000, 0x0000000703900000, 0x0000000703a00000|  0%| F|  |TAMS 0x0000000703900000, 0x0000000703900000| Untracked 
|  18|0x0000000703a00000, 0x0000000703a00000, 0x0000000703b00000|  0%| F|  |TAMS 0x0000000703a00000, 0x0000000703a00000| Untracked 
|  19|0x0000000703b00000, 0x0000000703b00000, 0x0000000703c00000|  0%| F|  |TAMS 0x0000000703b00000, 0x0000000703b00000| Untracked 
|  20|0x0000000703c00000, 0x0000000703c00000, 0x0000000703d00000|  0%| F|  |TAMS 0x0000000703c00000, 0x0000000703c00000| Untracked 
|  21|0x0000000703d00000, 0x0000000703d00000, 0x0000000703e00000|  0%| F|  |TAMS 0x0000000703d00000, 0x0000000703d00000| Untracked 
|  22|0x0000000703e00000, 0x0000000703e00000, 0x0000000703f00000|  0%| F|  |TAMS 0x0000000703e00000, 0x0000000703e00000| Untracked 
|  23|0x0000000703f00000, 0x0000000703f00000, 0x0000000704000000|  0%| F|  |TAMS 0x0000000703f00000, 0x0000000703f00000| Untracked 
|  24|0x0000000704000000, 0x0000000704000000, 0x0000000704100000|  0%| F|  |TAMS 0x0000000704000000, 0x0000000704000000| Untracked 
|  25|0x0000000704100000, 0x0000000704100000, 0x0000000704200000|  0%| F|  |TAMS 0x0000000704100000, 0x0000000704100000| Untracked 
|  26|0x0000000704200000, 0x0000000704200000, 0x0000000704300000|  0%| F|  |TAMS 0x0000000704200000, 0x0000000704200000| Untracked 
|  27|0x0000000704300000, 0x0000000704300000, 0x0000000704400000|  0%| F|  |TAMS 0x0000000704300000, 0x0000000704300000| Untracked 
|  28|0x0000000704400000, 0x0000000704400000, 0x0000000704500000|  0%| F|  |TAMS 0x0000000704400000, 0x0000000704400000| Untracked 
|  29|0x0000000704500000, 0x0000000704500000, 0x0000000704600000|  0%| F|  |TAMS 0x0000000704500000, 0x0000000704500000| Untracked 
|  30|0x0000000704600000, 0x0000000704600000, 0x0000000704700000|  0%| F|  |TAMS 0x0000000704600000, 0x0000000704600000| Untracked 
|  31|0x0000000704700000, 0x0000000704700000, 0x0000000704800000|  0%| F|  |TAMS 0x0000000704700000, 0x0000000704700000| Untracked 
|  32|0x0000000704800000, 0x0000000704800000, 0x0000000704900000|  0%| F|  |TAMS 0x0000000704800000, 0x0000000704800000| Untracked 
|  33|0x0000000704900000, 0x0000000704900000, 0x0000000704a00000|  0%| F|  |TAMS 0x0000000704900000, 0x0000000704900000| Untracked 
|  34|0x0000000704a00000, 0x0000000704a00000, 0x0000000704b00000|  0%| F|  |TAMS 0x0000000704a00000, 0x0000000704a00000| Untracked 
|  35|0x0000000704b00000, 0x0000000704b00000, 0x0000000704c00000|  0%| F|  |TAMS 0x0000000704b00000, 0x0000000704b00000| Untracked 
|  36|0x0000000704c00000, 0x0000000704c00000, 0x0000000704d00000|  0%| F|  |TAMS 0x0000000704c00000, 0x0000000704c00000| Untracked 
|  37|0x0000000704d00000, 0x0000000704d00000, 0x0000000704e00000|  0%| F|  |TAMS 0x0000000704d00000, 0x0000000704d00000| Untracked 
|  38|0x0000000704e00000, 0x0000000704e00000, 0x0000000704f00000|  0%| F|  |TAMS 0x0000000704e00000, 0x0000000704e00000| Untracked 
|  39|0x0000000704f00000, 0x0000000704f00000, 0x0000000705000000|  0%| F|  |TAMS 0x0000000704f00000, 0x0000000704f00000| Untracked 
|  40|0x0000000705000000, 0x0000000705000000, 0x0000000705100000|  0%| F|  |TAMS 0x0000000705000000, 0x0000000705000000| Untracked 
|  41|0x0000000705100000, 0x0000000705100000, 0x0000000705200000|  0%| F|  |TAMS 0x0000000705100000, 0x0000000705100000| Untracked 
|  42|0x0000000705200000, 0x0000000705200000, 0x0000000705300000|  0%| F|  |TAMS 0x0000000705200000, 0x0000000705200000| Untracked 
|  43|0x0000000705300000, 0x0000000705300000, 0x0000000705400000|  0%| F|  |TAMS 0x0000000705300000, 0x0000000705300000| Untracked 
|  44|0x0000000705400000, 0x0000000705400000, 0x0000000705500000|  0%| F|  |TAMS 0x0000000705400000, 0x0000000705400000| Untracked 
|  45|0x0000000705500000, 0x0000000705500000, 0x0000000705600000|  0%| F|  |TAMS 0x0000000705500000, 0x0000000705500000| Untracked 
|  46|0x0000000705600000, 0x0000000705600000, 0x0000000705700000|  0%| F|  |TAMS 0x0000000705600000, 0x0000000705600000| Untracked 
|  47|0x0000000705700000, 0x0000000705700000, 0x0000000705800000|  0%| F|  |TAMS 0x0000000705700000, 0x0000000705700000| Untracked 
|  48|0x0000000705800000, 0x0000000705800000, 0x0000000705900000|  0%| F|  |TAMS 0x0000000705800000, 0x0000000705800000| Untracked 
|  49|0x0000000705900000, 0x0000000705900000, 0x0000000705a00000|  0%| F|  |TAMS 0x0000000705900000, 0x0000000705900000| Untracked 
|  50|0x0000000705a00000, 0x0000000705a00000, 0x0000000705b00000|  0%| F|  |TAMS 0x0000000705a00000, 0x0000000705a00000| Untracked 
|  51|0x0000000705b00000, 0x0000000705b00000, 0x0000000705c00000|  0%| F|  |TAMS 0x0000000705b00000, 0x0000000705b00000| Untracked 
|  52|0x0000000705c00000, 0x0000000705c00000, 0x0000000705d00000|  0%| F|  |TAMS 0x0000000705c00000, 0x0000000705c00000| Untracked 
|  53|0x0000000705d00000, 0x0000000705d00000, 0x0000000705e00000|  0%| F|  |TAMS 0x0000000705d00000, 0x0000000705d00000| Untracked 
|  54|0x0000000705e00000, 0x0000000705e00000, 0x0000000705f00000|  0%| F|  |TAMS 0x0000000705e00000, 0x0000000705e00000| Untracked 
|  55|0x0000000705f00000, 0x0000000705f00000, 0x0000000706000000|  0%| F|  |TAMS 0x0000000705f00000, 0x0000000705f00000| Untracked 
|  56|0x0000000706000000, 0x0000000706000000, 0x0000000706100000|  0%| F|  |TAMS 0x0000000706000000, 0x0000000706000000| Untracked 
|  57|0x0000000706100000, 0x0000000706100000, 0x0000000706200000|  0%| F|  |TAMS 0x0000000706100000, 0x0000000706100000| Untracked 
|  58|0x0000000706200000, 0x0000000706200000, 0x0000000706300000|  0%| F|  |TAMS 0x0000000706200000, 0x0000000706200000| Untracked 
|  59|0x0000000706300000, 0x0000000706300000, 0x0000000706400000|  0%| F|  |TAMS 0x0000000706300000, 0x0000000706300000| Untracked 
|  60|0x0000000706400000, 0x0000000706400000, 0x0000000706500000|  0%| F|  |TAMS 0x0000000706400000, 0x0000000706400000| Untracked 
|  61|0x0000000706500000, 0x0000000706500000, 0x0000000706600000|  0%| F|  |TAMS 0x0000000706500000, 0x0000000706500000| Untracked 
|  62|0x0000000706600000, 0x0000000706600000, 0x0000000706700000|  0%| F|  |TAMS 0x0000000706600000, 0x0000000706600000| Untracked 
|  63|0x0000000706700000, 0x0000000706700000, 0x0000000706800000|  0%| F|  |TAMS 0x0000000706700000, 0x0000000706700000| Untracked 
|  64|0x0000000706800000, 0x0000000706800000, 0x0000000706900000|  0%| F|  |TAMS 0x0000000706800000, 0x0000000706800000| Untracked 
|  65|0x0000000706900000, 0x0000000706900000, 0x0000000706a00000|  0%| F|  |TAMS 0x0000000706900000, 0x0000000706900000| Untracked 
|  66|0x0000000706a00000, 0x0000000706a00000, 0x0000000706b00000|  0%| F|  |TAMS 0x0000000706a00000, 0x0000000706a00000| Untracked 
|  67|0x0000000706b00000, 0x0000000706b00000, 0x0000000706c00000|  0%| F|  |TAMS 0x0000000706b00000, 0x0000000706b00000| Untracked 
|  68|0x0000000706c00000, 0x0000000706c00000, 0x0000000706d00000|  0%| F|  |TAMS 0x0000000706c00000, 0x0000000706c00000| Untracked 
|  69|0x0000000706d00000, 0x0000000706d00000, 0x0000000706e00000|  0%| F|  |TAMS 0x0000000706d00000, 0x0000000706d00000| Untracked 
|  70|0x0000000706e00000, 0x0000000706e00000, 0x0000000706f00000|  0%| F|  |TAMS 0x0000000706e00000, 0x0000000706e00000| Untracked 
|  71|0x0000000706f00000, 0x0000000706f00000, 0x0000000707000000|  0%| F|  |TAMS 0x0000000706f00000, 0x0000000706f00000| Untracked 
|  72|0x0000000707000000, 0x0000000707000000, 0x0000000707100000|  0%| F|  |TAMS 0x0000000707000000, 0x0000000707000000| Untracked 
|  73|0x0000000707100000, 0x0000000707100000, 0x0000000707200000|  0%| F|  |TAMS 0x0000000707100000, 0x0000000707100000| Untracked 
|  74|0x0000000707200000, 0x0000000707200000, 0x0000000707300000|  0%| F|  |TAMS 0x0000000707200000, 0x0000000707200000| Untracked 
|  75|0x0000000707300000, 0x0000000707300000, 0x0000000707400000|  0%| F|  |TAMS 0x0000000707300000, 0x0000000707300000| Untracked 
|  76|0x0000000707400000, 0x0000000707400000, 0x0000000707500000|  0%| F|  |TAMS 0x0000000707400000, 0x0000000707400000| Untracked 
|  77|0x0000000707500000, 0x0000000707500000, 0x0000000707600000|  0%| F|  |TAMS 0x0000000707500000, 0x0000000707500000| Untracked 
|  78|0x0000000707600000, 0x0000000707600000, 0x0000000707700000|  0%| F|  |TAMS 0x0000000707600000, 0x0000000707600000| Untracked 
|  79|0x0000000707700000, 0x0000000707700000, 0x0000000707800000|  0%| F|  |TAMS 0x0000000707700000, 0x0000000707700000| Untracked 
|  80|0x0000000707800000, 0x0000000707800000, 0x0000000707900000|  0%| F|  |TAMS 0x0000000707800000, 0x0000000707800000| Untracked 
|  81|0x0000000707900000, 0x0000000707900000, 0x0000000707a00000|  0%| F|  |TAMS 0x0000000707900000, 0x0000000707900000| Untracked 
|  82|0x0000000707a00000, 0x0000000707a00000, 0x0000000707b00000|  0%| F|  |TAMS 0x0000000707a00000, 0x0000000707a00000| Untracked 
|  83|0x0000000707b00000, 0x0000000707b00000, 0x0000000707c00000|  0%| F|  |TAMS 0x0000000707b00000, 0x0000000707b00000| Untracked 
|  84|0x0000000707c00000, 0x0000000707c00000, 0x0000000707d00000|  0%| F|  |TAMS 0x0000000707c00000, 0x0000000707c00000| Untracked 
|  85|0x0000000707d00000, 0x0000000707d00000, 0x0000000707e00000|  0%| F|  |TAMS 0x0000000707d00000, 0x0000000707d00000| Untracked 
|  86|0x0000000707e00000, 0x0000000707e00000, 0x0000000707f00000|  0%| F|  |TAMS 0x0000000707e00000, 0x0000000707e00000| Untracked 
|  87|0x0000000707f00000, 0x0000000707f00000, 0x0000000708000000|  0%| F|  |TAMS 0x0000000707f00000, 0x0000000707f00000| Untracked 
|  88|0x0000000708000000, 0x0000000708000000, 0x0000000708100000|  0%| F|  |TAMS 0x0000000708000000, 0x0000000708000000| Untracked 
|  89|0x0000000708100000, 0x0000000708100000, 0x0000000708200000|  0%| F|  |TAMS 0x0000000708100000, 0x0000000708100000| Untracked 
|  90|0x0000000708200000, 0x0000000708200000, 0x0000000708300000|  0%| F|  |TAMS 0x0000000708200000, 0x0000000708200000| Untracked 
|  91|0x0000000708300000, 0x0000000708300000, 0x0000000708400000|  0%| F|  |TAMS 0x0000000708300000, 0x0000000708300000| Untracked 
|  92|0x0000000708400000, 0x0000000708400000, 0x0000000708500000|  0%| F|  |TAMS 0x0000000708400000, 0x0000000708400000| Untracked 
|  93|0x0000000708500000, 0x0000000708500000, 0x0000000708600000|  0%| F|  |TAMS 0x0000000708500000, 0x0000000708500000| Untracked 
|  94|0x0000000708600000, 0x0000000708600000, 0x0000000708700000|  0%| F|  |TAMS 0x0000000708600000, 0x0000000708600000| Untracked 
|  95|0x0000000708700000, 0x0000000708700000, 0x0000000708800000|  0%| F|  |TAMS 0x0000000708700000, 0x0000000708700000| Untracked 
|  96|0x0000000708800000, 0x0000000708800000, 0x0000000708900000|  0%| F|  |TAMS 0x0000000708800000, 0x0000000708800000| Untracked 
|  97|0x0000000708900000, 0x0000000708900000, 0x0000000708a00000|  0%| F|  |TAMS 0x0000000708900000, 0x0000000708900000| Untracked 
|  98|0x0000000708a00000, 0x0000000708a00000, 0x0000000708b00000|  0%| F|  |TAMS 0x0000000708a00000, 0x0000000708a00000| Untracked 
|  99|0x0000000708b00000, 0x0000000708b00000, 0x0000000708c00000|  0%| F|  |TAMS 0x0000000708b00000, 0x0000000708b00000| Untracked 
| 100|0x0000000708c00000, 0x0000000708c00000, 0x0000000708d00000|  0%| F|  |TAMS 0x0000000708c00000, 0x0000000708c00000| Untracked 
| 101|0x0000000708d00000, 0x0000000708d00000, 0x0000000708e00000|  0%| F|  |TAMS 0x0000000708d00000, 0x0000000708d00000| Untracked 
| 102|0x0000000708e00000, 0x0000000708e00000, 0x0000000708f00000|  0%| F|  |TAMS 0x0000000708e00000, 0x0000000708e00000| Untracked 
| 103|0x0000000708f00000, 0x0000000708f00000, 0x0000000709000000|  0%| F|  |TAMS 0x0000000708f00000, 0x0000000708f00000| Untracked 
| 104|0x0000000709000000, 0x0000000709000000, 0x0000000709100000|  0%| F|  |TAMS 0x0000000709000000, 0x0000000709000000| Untracked 
| 105|0x0000000709100000, 0x0000000709100000, 0x0000000709200000|  0%| F|  |TAMS 0x0000000709100000, 0x0000000709100000| Untracked 
| 106|0x0000000709200000, 0x0000000709200000, 0x0000000709300000|  0%| F|  |TAMS 0x0000000709200000, 0x0000000709200000| Untracked 
| 107|0x0000000709300000, 0x0000000709300000, 0x0000000709400000|  0%| F|  |TAMS 0x0000000709300000, 0x0000000709300000| Untracked 
| 108|0x0000000709400000, 0x0000000709400000, 0x0000000709500000|  0%| F|  |TAMS 0x0000000709400000, 0x0000000709400000| Untracked 
| 109|0x0000000709500000, 0x0000000709500000, 0x0000000709600000|  0%| F|  |TAMS 0x0000000709500000, 0x0000000709500000| Untracked 
| 110|0x0000000709600000, 0x0000000709600000, 0x0000000709700000|  0%| F|  |TAMS 0x0000000709600000, 0x0000000709600000| Untracked 
| 111|0x0000000709700000, 0x0000000709700000, 0x0000000709800000|  0%| F|  |TAMS 0x0000000709700000, 0x0000000709700000| Untracked 
| 112|0x0000000709800000, 0x0000000709800000, 0x0000000709900000|  0%| F|  |TAMS 0x0000000709800000, 0x0000000709800000| Untracked 
| 113|0x0000000709900000, 0x0000000709900000, 0x0000000709a00000|  0%| F|  |TAMS 0x0000000709900000, 0x0000000709900000| Untracked 
| 114|0x0000000709a00000, 0x0000000709a00000, 0x0000000709b00000|  0%| F|  |TAMS 0x0000000709a00000, 0x0000000709a00000| Untracked 
| 115|0x0000000709b00000, 0x0000000709b00000, 0x0000000709c00000|  0%| F|  |TAMS 0x0000000709b00000, 0x0000000709b00000| Untracked 
| 116|0x0000000709c00000, 0x0000000709c00000, 0x0000000709d00000|  0%| F|  |TAMS 0x0000000709c00000, 0x0000000709c00000| Untracked 
| 117|0x0000000709d00000, 0x0000000709d00000, 0x0000000709e00000|  0%| F|  |TAMS 0x0000000709d00000, 0x0000000709d00000| Untracked 
| 118|0x0000000709e00000, 0x0000000709e00000, 0x0000000709f00000|  0%| F|  |TAMS 0x0000000709e00000, 0x0000000709e00000| Untracked 
| 119|0x0000000709f00000, 0x0000000709f00000, 0x000000070a000000|  0%| F|  |TAMS 0x0000000709f00000, 0x0000000709f00000| Untracked 
| 120|0x000000070a000000, 0x000000070a000000, 0x000000070a100000|  0%| F|  |TAMS 0x000000070a000000, 0x000000070a000000| Untracked 
| 121|0x000000070a100000, 0x000000070a100000, 0x000000070a200000|  0%| F|  |TAMS 0x000000070a100000, 0x000000070a100000| Untracked 
| 122|0x000000070a200000, 0x000000070a200000, 0x000000070a300000|  0%| F|  |TAMS 0x000000070a200000, 0x000000070a200000| Untracked 
| 123|0x000000070a300000, 0x000000070a300000, 0x000000070a400000|  0%| F|  |TAMS 0x000000070a300000, 0x000000070a300000| Untracked 
| 124|0x000000070a400000, 0x000000070a400000, 0x000000070a500000|  0%| F|  |TAMS 0x000000070a400000, 0x000000070a400000| Untracked 
| 125|0x000000070a500000, 0x000000070a500000, 0x000000070a600000|  0%| F|  |TAMS 0x000000070a500000, 0x000000070a500000| Untracked 
| 126|0x000000070a600000, 0x000000070a600000, 0x000000070a700000|  0%| F|  |TAMS 0x000000070a600000, 0x000000070a600000| Untracked 
| 127|0x000000070a700000, 0x000000070a700000, 0x000000070a800000|  0%| F|  |TAMS 0x000000070a700000, 0x000000070a700000| Untracked 
| 128|0x000000070a800000, 0x000000070a800000, 0x000000070a900000|  0%| F|  |TAMS 0x000000070a800000, 0x000000070a800000| Untracked 
| 129|0x000000070a900000, 0x000000070a900000, 0x000000070aa00000|  0%| F|  |TAMS 0x000000070a900000, 0x000000070a900000| Untracked 
| 130|0x000000070aa00000, 0x000000070aa00000, 0x000000070ab00000|  0%| F|  |TAMS 0x000000070aa00000, 0x000000070aa00000| Untracked 
| 131|0x000000070ab00000, 0x000000070ab00000, 0x000000070ac00000|  0%| F|  |TAMS 0x000000070ab00000, 0x000000070ab00000| Untracked 
| 132|0x000000070ac00000, 0x000000070ac00000, 0x000000070ad00000|  0%| F|  |TAMS 0x000000070ac00000, 0x000000070ac00000| Untracked 
| 133|0x000000070ad00000, 0x000000070ad00000, 0x000000070ae00000|  0%| F|  |TAMS 0x000000070ad00000, 0x000000070ad00000| Untracked 
| 134|0x000000070ae00000, 0x000000070ae00000, 0x000000070af00000|  0%| F|  |TAMS 0x000000070ae00000, 0x000000070ae00000| Untracked 
| 135|0x000000070af00000, 0x000000070af00000, 0x000000070b000000|  0%| F|  |TAMS 0x000000070af00000, 0x000000070af00000| Untracked 
| 136|0x000000070b000000, 0x000000070b000000, 0x000000070b100000|  0%| F|  |TAMS 0x000000070b000000, 0x000000070b000000| Untracked 
| 137|0x000000070b100000, 0x000000070b100000, 0x000000070b200000|  0%| F|  |TAMS 0x000000070b100000, 0x000000070b100000| Untracked 
| 138|0x000000070b200000, 0x000000070b200000, 0x000000070b300000|  0%| F|  |TAMS 0x000000070b200000, 0x000000070b200000| Untracked 
| 139|0x000000070b300000, 0x000000070b300000, 0x000000070b400000|  0%| F|  |TAMS 0x000000070b300000, 0x000000070b300000| Untracked 
| 140|0x000000070b400000, 0x000000070b400000, 0x000000070b500000|  0%| F|  |TAMS 0x000000070b400000, 0x000000070b400000| Untracked 
| 141|0x000000070b500000, 0x000000070b500000, 0x000000070b600000|  0%| F|  |TAMS 0x000000070b500000, 0x000000070b500000| Untracked 
| 142|0x000000070b600000, 0x000000070b600000, 0x000000070b700000|  0%| F|  |TAMS 0x000000070b600000, 0x000000070b600000| Untracked 
| 143|0x000000070b700000, 0x000000070b700000, 0x000000070b800000|  0%| F|  |TAMS 0x000000070b700000, 0x000000070b700000| Untracked 
| 144|0x000000070b800000, 0x000000070b800000, 0x000000070b900000|  0%| F|  |TAMS 0x000000070b800000, 0x000000070b800000| Untracked 
| 145|0x000000070b900000, 0x000000070b900000, 0x000000070ba00000|  0%| F|  |TAMS 0x000000070b900000, 0x000000070b900000| Untracked 
| 146|0x000000070ba00000, 0x000000070ba00000, 0x000000070bb00000|  0%| F|  |TAMS 0x000000070ba00000, 0x000000070ba00000| Untracked 
| 147|0x000000070bb00000, 0x000000070bb00000, 0x000000070bc00000|  0%| F|  |TAMS 0x000000070bb00000, 0x000000070bb00000| Untracked 
| 148|0x000000070bc00000, 0x000000070bc00000, 0x000000070bd00000|  0%| F|  |TAMS 0x000000070bc00000, 0x000000070bc00000| Untracked 
| 149|0x000000070bd00000, 0x000000070bd00000, 0x000000070be00000|  0%| F|  |TAMS 0x000000070bd00000, 0x000000070bd00000| Untracked 
| 150|0x000000070be00000, 0x000000070be00000, 0x000000070bf00000|  0%| F|  |TAMS 0x000000070be00000, 0x000000070be00000| Untracked 
| 151|0x000000070bf00000, 0x000000070bf00000, 0x000000070c000000|  0%| F|  |TAMS 0x000000070bf00000, 0x000000070bf00000| Untracked 
| 152|0x000000070c000000, 0x000000070c000000, 0x000000070c100000|  0%| F|  |TAMS 0x000000070c000000, 0x000000070c000000| Untracked 
| 153|0x000000070c100000, 0x000000070c100000, 0x000000070c200000|  0%| F|  |TAMS 0x000000070c100000, 0x000000070c100000| Untracked 
| 154|0x000000070c200000, 0x000000070c200000, 0x000000070c300000|  0%| F|  |TAMS 0x000000070c200000, 0x000000070c200000| Untracked 
| 155|0x000000070c300000, 0x000000070c300000, 0x000000070c400000|  0%| F|  |TAMS 0x000000070c300000, 0x000000070c300000| Untracked 
| 156|0x000000070c400000, 0x000000070c400000, 0x000000070c500000|  0%| F|  |TAMS 0x000000070c400000, 0x000000070c400000| Untracked 
| 157|0x000000070c500000, 0x000000070c500000, 0x000000070c600000|  0%| F|  |TAMS 0x000000070c500000, 0x000000070c500000| Untracked 
| 158|0x000000070c600000, 0x000000070c600000, 0x000000070c700000|  0%| F|  |TAMS 0x000000070c600000, 0x000000070c600000| Untracked 
| 159|0x000000070c700000, 0x000000070c700000, 0x000000070c800000|  0%| F|  |TAMS 0x000000070c700000, 0x000000070c700000| Untracked 
| 160|0x000000070c800000, 0x000000070c800000, 0x000000070c900000|  0%| F|  |TAMS 0x000000070c800000, 0x000000070c800000| Untracked 
| 161|0x000000070c900000, 0x000000070c900000, 0x000000070ca00000|  0%| F|  |TAMS 0x000000070c900000, 0x000000070c900000| Untracked 
| 162|0x000000070ca00000, 0x000000070ca00000, 0x000000070cb00000|  0%| F|  |TAMS 0x000000070ca00000, 0x000000070ca00000| Untracked 
| 163|0x000000070cb00000, 0x000000070cb00000, 0x000000070cc00000|  0%| F|  |TAMS 0x000000070cb00000, 0x000000070cb00000| Untracked 
| 164|0x000000070cc00000, 0x000000070cc00000, 0x000000070cd00000|  0%| F|  |TAMS 0x000000070cc00000, 0x000000070cc00000| Untracked 
| 165|0x000000070cd00000, 0x000000070cd00000, 0x000000070ce00000|  0%| F|  |TAMS 0x000000070cd00000, 0x000000070cd00000| Untracked 
| 166|0x000000070ce00000, 0x000000070ce00000, 0x000000070cf00000|  0%| F|  |TAMS 0x000000070ce00000, 0x000000070ce00000| Untracked 
| 167|0x000000070cf00000, 0x000000070cf00000, 0x000000070d000000|  0%| F|  |TAMS 0x000000070cf00000, 0x000000070cf00000| Untracked 
| 168|0x000000070d000000, 0x000000070d000000, 0x000000070d100000|  0%| F|  |TAMS 0x000000070d000000, 0x000000070d000000| Untracked 
| 169|0x000000070d100000, 0x000000070d100000, 0x000000070d200000|  0%| F|  |TAMS 0x000000070d100000, 0x000000070d100000| Untracked 
| 170|0x000000070d200000, 0x000000070d200000, 0x000000070d300000|  0%| F|  |TAMS 0x000000070d200000, 0x000000070d200000| Untracked 
| 171|0x000000070d300000, 0x000000070d300000, 0x000000070d400000|  0%| F|  |TAMS 0x000000070d300000, 0x000000070d300000| Untracked 
| 172|0x000000070d400000, 0x000000070d400000, 0x000000070d500000|  0%| F|  |TAMS 0x000000070d400000, 0x000000070d400000| Untracked 
| 173|0x000000070d500000, 0x000000070d500000, 0x000000070d600000|  0%| F|  |TAMS 0x000000070d500000, 0x000000070d500000| Untracked 
| 174|0x000000070d600000, 0x000000070d600000, 0x000000070d700000|  0%| F|  |TAMS 0x000000070d600000, 0x000000070d600000| Untracked 
| 175|0x000000070d700000, 0x000000070d700000, 0x000000070d800000|  0%| F|  |TAMS 0x000000070d700000, 0x000000070d700000| Untracked 
| 176|0x000000070d800000, 0x000000070d800000, 0x000000070d900000|  0%| F|  |TAMS 0x000000070d800000, 0x000000070d800000| Untracked 
| 177|0x000000070d900000, 0x000000070d900000, 0x000000070da00000|  0%| F|  |TAMS 0x000000070d900000, 0x000000070d900000| Untracked 
| 178|0x000000070da00000, 0x000000070da00000, 0x000000070db00000|  0%| F|  |TAMS 0x000000070da00000, 0x000000070da00000| Untracked 
| 179|0x000000070db00000, 0x000000070db00000, 0x000000070dc00000|  0%| F|  |TAMS 0x000000070db00000, 0x000000070db00000| Untracked 
| 180|0x000000070dc00000, 0x000000070dc00000, 0x000000070dd00000|  0%| F|  |TAMS 0x000000070dc00000, 0x000000070dc00000| Untracked 
| 181|0x000000070dd00000, 0x000000070dd00000, 0x000000070de00000|  0%| F|  |TAMS 0x000000070dd00000, 0x000000070dd00000| Untracked 
| 182|0x000000070de00000, 0x000000070de00000, 0x000000070df00000|  0%| F|  |TAMS 0x000000070de00000, 0x000000070de00000| Untracked 
| 183|0x000000070df00000, 0x000000070df00000, 0x000000070e000000|  0%| F|  |TAMS 0x000000070df00000, 0x000000070df00000| Untracked 
| 184|0x000000070e000000, 0x000000070e000000, 0x000000070e100000|  0%| F|  |TAMS 0x000000070e000000, 0x000000070e000000| Untracked 
| 185|0x000000070e100000, 0x000000070e100000, 0x000000070e200000|  0%| F|  |TAMS 0x000000070e100000, 0x000000070e100000| Untracked 
| 186|0x000000070e200000, 0x000000070e200000, 0x000000070e300000|  0%| F|  |TAMS 0x000000070e200000, 0x000000070e200000| Untracked 
| 187|0x000000070e300000, 0x000000070e300000, 0x000000070e400000|  0%| F|  |TAMS 0x000000070e300000, 0x000000070e300000| Untracked 
| 188|0x000000070e400000, 0x000000070e400000, 0x000000070e500000|  0%| F|  |TAMS 0x000000070e400000, 0x000000070e400000| Untracked 
| 189|0x000000070e500000, 0x000000070e500000, 0x000000070e600000|  0%| F|  |TAMS 0x000000070e500000, 0x000000070e500000| Untracked 
| 190|0x000000070e600000, 0x000000070e600000, 0x000000070e700000|  0%| F|  |TAMS 0x000000070e600000, 0x000000070e600000| Untracked 
| 191|0x000000070e700000, 0x000000070e700000, 0x000000070e800000|  0%| F|  |TAMS 0x000000070e700000, 0x000000070e700000| Untracked 
| 192|0x000000070e800000, 0x000000070e800000, 0x000000070e900000|  0%| F|  |TAMS 0x000000070e800000, 0x000000070e800000| Untracked 
| 193|0x000000070e900000, 0x000000070e900000, 0x000000070ea00000|  0%| F|  |TAMS 0x000000070e900000, 0x000000070e900000| Untracked 
| 194|0x000000070ea00000, 0x000000070ea00000, 0x000000070eb00000|  0%| F|  |TAMS 0x000000070ea00000, 0x000000070ea00000| Untracked 
| 195|0x000000070eb00000, 0x000000070eb00000, 0x000000070ec00000|  0%| F|  |TAMS 0x000000070eb00000, 0x000000070eb00000| Untracked 
| 196|0x000000070ec00000, 0x000000070ec00000, 0x000000070ed00000|  0%| F|  |TAMS 0x000000070ec00000, 0x000000070ec00000| Untracked 
| 197|0x000000070ed00000, 0x000000070ed00000, 0x000000070ee00000|  0%| F|  |TAMS 0x000000070ed00000, 0x000000070ed00000| Untracked 
| 198|0x000000070ee00000, 0x000000070ee00000, 0x000000070ef00000|  0%| F|  |TAMS 0x000000070ee00000, 0x000000070ee00000| Untracked 
| 199|0x000000070ef00000, 0x000000070ef00000, 0x000000070f000000|  0%| F|  |TAMS 0x000000070ef00000, 0x000000070ef00000| Untracked 
| 200|0x000000070f000000, 0x000000070f000000, 0x000000070f100000|  0%| F|  |TAMS 0x000000070f000000, 0x000000070f000000| Untracked 
| 201|0x000000070f100000, 0x000000070f100000, 0x000000070f200000|  0%| F|  |TAMS 0x000000070f100000, 0x000000070f100000| Untracked 
| 202|0x000000070f200000, 0x000000070f200000, 0x000000070f300000|  0%| F|  |TAMS 0x000000070f200000, 0x000000070f200000| Untracked 
| 203|0x000000070f300000, 0x000000070f300000, 0x000000070f400000|  0%| F|  |TAMS 0x000000070f300000, 0x000000070f300000| Untracked 
| 204|0x000000070f400000, 0x000000070f400000, 0x000000070f500000|  0%| F|  |TAMS 0x000000070f400000, 0x000000070f400000| Untracked 
| 205|0x000000070f500000, 0x000000070f500000, 0x000000070f600000|  0%| F|  |TAMS 0x000000070f500000, 0x000000070f500000| Untracked 
| 206|0x000000070f600000, 0x000000070f600000, 0x000000070f700000|  0%| F|  |TAMS 0x000000070f600000, 0x000000070f600000| Untracked 
| 207|0x000000070f700000, 0x000000070f700000, 0x000000070f800000|  0%| F|  |TAMS 0x000000070f700000, 0x000000070f700000| Untracked 
| 208|0x000000070f800000, 0x000000070f800000, 0x000000070f900000|  0%| F|  |TAMS 0x000000070f800000, 0x000000070f800000| Untracked 
| 209|0x000000070f900000, 0x000000070f900000, 0x000000070fa00000|  0%| F|  |TAMS 0x000000070f900000, 0x000000070f900000| Untracked 
| 210|0x000000070fa00000, 0x000000070fa00000, 0x000000070fb00000|  0%| F|  |TAMS 0x000000070fa00000, 0x000000070fa00000| Untracked 
| 211|0x000000070fb00000, 0x000000070fb00000, 0x000000070fc00000|  0%| F|  |TAMS 0x000000070fb00000, 0x000000070fb00000| Untracked 
| 212|0x000000070fc00000, 0x000000070fc00000, 0x000000070fd00000|  0%| F|  |TAMS 0x000000070fc00000, 0x000000070fc00000| Untracked 
| 213|0x000000070fd00000, 0x000000070fd00000, 0x000000070fe00000|  0%| F|  |TAMS 0x000000070fd00000, 0x000000070fd00000| Untracked 
| 214|0x000000070fe00000, 0x000000070fe00000, 0x000000070ff00000|  0%| F|  |TAMS 0x000000070fe00000, 0x000000070fe00000| Untracked 
| 215|0x000000070ff00000, 0x000000070ff00000, 0x0000000710000000|  0%| F|  |TAMS 0x000000070ff00000, 0x000000070ff00000| Untracked 
| 216|0x0000000710000000, 0x0000000710000000, 0x0000000710100000|  0%| F|  |TAMS 0x0000000710000000, 0x0000000710000000| Untracked 
| 217|0x0000000710100000, 0x0000000710100000, 0x0000000710200000|  0%| F|  |TAMS 0x0000000710100000, 0x0000000710100000| Untracked 
| 218|0x0000000710200000, 0x0000000710200000, 0x0000000710300000|  0%| F|  |TAMS 0x0000000710200000, 0x0000000710200000| Untracked 
| 219|0x0000000710300000, 0x0000000710300000, 0x0000000710400000|  0%| F|  |TAMS 0x0000000710300000, 0x0000000710300000| Untracked 
| 220|0x0000000710400000, 0x0000000710400000, 0x0000000710500000|  0%| F|  |TAMS 0x0000000710400000, 0x0000000710400000| Untracked 
| 221|0x0000000710500000, 0x0000000710500000, 0x0000000710600000|  0%| F|  |TAMS 0x0000000710500000, 0x0000000710500000| Untracked 
| 222|0x0000000710600000, 0x0000000710600000, 0x0000000710700000|  0%| F|  |TAMS 0x0000000710600000, 0x0000000710600000| Untracked 
| 223|0x0000000710700000, 0x000000071071d740, 0x0000000710800000| 11%| S|CS|TAMS 0x0000000710700000, 0x0000000710700000| Complete 
| 224|0x0000000710800000, 0x0000000710900000, 0x0000000710900000|100%| S|CS|TAMS 0x0000000710800000, 0x0000000710800000| Complete 
| 225|0x0000000710900000, 0x0000000710900000, 0x0000000710a00000|  0%| F|  |TAMS 0x0000000710900000, 0x0000000710900000| Untracked 
| 226|0x0000000710a00000, 0x0000000710a00000, 0x0000000710b00000|  0%| F|  |TAMS 0x0000000710a00000, 0x0000000710a00000| Untracked 
| 227|0x0000000710b00000, 0x0000000710b00000, 0x0000000710c00000|  0%| F|  |TAMS 0x0000000710b00000, 0x0000000710b00000| Untracked 
| 228|0x0000000710c00000, 0x0000000710c00000, 0x0000000710d00000|  0%| F|  |TAMS 0x0000000710c00000, 0x0000000710c00000| Untracked 
| 229|0x0000000710d00000, 0x0000000710d00000, 0x0000000710e00000|  0%| F|  |TAMS 0x0000000710d00000, 0x0000000710d00000| Untracked 
| 230|0x0000000710e00000, 0x0000000710e00000, 0x0000000710f00000|  0%| F|  |TAMS 0x0000000710e00000, 0x0000000710e00000| Untracked 
| 231|0x0000000710f00000, 0x0000000710f00000, 0x0000000711000000|  0%| F|  |TAMS 0x0000000710f00000, 0x0000000710f00000| Untracked 
| 232|0x0000000711000000, 0x0000000711000000, 0x0000000711100000|  0%| F|  |TAMS 0x0000000711000000, 0x0000000711000000| Untracked 
| 233|0x0000000711100000, 0x0000000711200000, 0x0000000711200000|100%| E|  |TAMS 0x0000000711100000, 0x0000000711100000| Complete 
| 234|0x0000000711200000, 0x0000000711300000, 0x0000000711300000|100%| E|CS|TAMS 0x0000000711200000, 0x0000000711200000| Complete 
| 235|0x0000000711300000, 0x0000000711400000, 0x0000000711400000|100%| E|CS|TAMS 0x0000000711300000, 0x0000000711300000| Complete 
| 236|0x0000000711400000, 0x0000000711500000, 0x0000000711500000|100%| E|CS|TAMS 0x0000000711400000, 0x0000000711400000| Complete 
| 237|0x0000000711500000, 0x0000000711600000, 0x0000000711600000|100%| E|CS|TAMS 0x0000000711500000, 0x0000000711500000| Complete 
| 238|0x0000000711600000, 0x0000000711700000, 0x0000000711700000|100%| E|CS|TAMS 0x0000000711600000, 0x0000000711600000| Complete 
| 239|0x0000000711700000, 0x0000000711800000, 0x0000000711800000|100%| E|CS|TAMS 0x0000000711700000, 0x0000000711700000| Complete 
| 240|0x0000000711800000, 0x0000000711900000, 0x0000000711900000|100%| E|CS|TAMS 0x0000000711800000, 0x0000000711800000| Complete 
| 241|0x0000000711900000, 0x0000000711a00000, 0x0000000711a00000|100%| E|CS|TAMS 0x0000000711900000, 0x0000000711900000| Complete 
| 242|0x0000000711a00000, 0x0000000711b00000, 0x0000000711b00000|100%| E|CS|TAMS 0x0000000711a00000, 0x0000000711a00000| Complete 
| 243|0x0000000711b00000, 0x0000000711c00000, 0x0000000711c00000|100%| E|CS|TAMS 0x0000000711b00000, 0x0000000711b00000| Complete 
| 244|0x0000000711c00000, 0x0000000711d00000, 0x0000000711d00000|100%| E|CS|TAMS 0x0000000711c00000, 0x0000000711c00000| Complete 
| 245|0x0000000711d00000, 0x0000000711e00000, 0x0000000711e00000|100%| E|CS|TAMS 0x0000000711d00000, 0x0000000711d00000| Complete 
| 246|0x0000000711e00000, 0x0000000711f00000, 0x0000000711f00000|100%| E|CS|TAMS 0x0000000711e00000, 0x0000000711e00000| Complete 
| 247|0x0000000711f00000, 0x0000000712000000, 0x0000000712000000|100%| E|CS|TAMS 0x0000000711f00000, 0x0000000711f00000| Complete 
| 248|0x0000000712000000, 0x0000000712100000, 0x0000000712100000|100%| E|CS|TAMS 0x0000000712000000, 0x0000000712000000| Complete 
| 249|0x0000000712100000, 0x0000000712200000, 0x0000000712200000|100%| E|CS|TAMS 0x0000000712100000, 0x0000000712100000| Complete 
| 250|0x0000000712200000, 0x0000000712300000, 0x0000000712300000|100%| E|CS|TAMS 0x0000000712200000, 0x0000000712200000| Complete 
| 251|0x0000000712300000, 0x0000000712400000, 0x0000000712400000|100%| E|CS|TAMS 0x0000000712300000, 0x0000000712300000| Complete 
| 252|0x0000000712400000, 0x0000000712500000, 0x0000000712500000|100%| E|CS|TAMS 0x0000000712400000, 0x0000000712400000| Complete 
| 253|0x0000000712500000, 0x0000000712600000, 0x0000000712600000|100%| E|CS|TAMS 0x0000000712500000, 0x0000000712500000| Complete 

Card table byte_map: [0x000002566bda0000,0x000002566c590000] _byte_map_base: 0x000002566858c000

Marking Bits (Prev, Next): (CMBitMap*) 0x0000025653d655a8, (CMBitMap*) 0x0000025653d655e8
 Prev Bits: [0x000002566cd80000, 0x0000025670ce0000)
 Next Bits: [0x0000025670ce0000, 0x0000025674c40000)

Polling page: 0x0000025651ca0000

Metaspace:

Usage:
  Non-class:     11.78 MB capacity,    10.26 MB ( 87%) used,     1.50 MB ( 13%) free+waste,    16.00 KB ( <1%) overhead. 
      Class:      1.66 MB capacity,     1.42 MB ( 86%) used,   236.23 KB ( 14%) free+waste,     7.56 KB ( <1%) overhead. 
       Both:     13.43 MB capacity,    11.68 MB ( 87%) used,     1.74 MB ( 13%) free+waste,    23.56 KB ( <1%) overhead. 

Virtual space:
  Non-class space:       12.00 MB reserved,      12.00 MB (100%) committed 
      Class space:        1.00 GB reserved,       1.75 MB ( <1%) committed 
             Both:        1.01 GB reserved,      13.75 MB (  1%) committed 

Chunk freelists:
   Non-Class:  35.00 KB
       Class:  0 bytes
        Both:  35.00 KB

MaxMetaspaceSize: 17179869184.00 GB
CompressedClassSpaceSize: 1.00 GB

CodeHeap 'non-profiled nmethods': size=120000Kb used=802Kb max_used=802Kb free=119197Kb
 bounds [0x0000025663f70000, 0x00000256641e0000, 0x000002566b4a0000]
CodeHeap 'profiled nmethods': size=120000Kb used=4273Kb max_used=4273Kb free=115726Kb
 bounds [0x000002565ca40000, 0x000002565ce70000, 0x0000025663f70000]
CodeHeap 'non-nmethods': size=5760Kb used=1186Kb max_used=1208Kb free=4573Kb
 bounds [0x000002565c4a0000, 0x000002565c710000, 0x000002565ca40000]
 total_blobs=2505 nmethods=2066 adapters=351
 compilation: enabled
              stopped_count=0, restarted_count=0
 full_count=0

Compilation events (20 events):
Event: 1.098 Thread 0x0000025677e41000 2012       3       org.eclipse.sisu.wire.BeanProviders$1::get (25 bytes)
Event: 1.098 Thread 0x0000025677e41000 nmethod 2012 0x000002565ce4b790 code [0x000002565ce4b960, 0x000002565ce4bd18]
Event: 1.098 Thread 0x0000025677e41000 2013       3       java.util.concurrent.ConcurrentHashMap$EntryIterator::next (5 bytes)
Event: 1.098 Thread 0x0000025677e41000 nmethod 2013 0x000002565ce4be90 code [0x000002565ce4c040, 0x000002565ce4c188]
Event: 1.098 Thread 0x0000025677e41000 2014       3       java.util.concurrent.ConcurrentHashMap$EntryIterator::next (51 bytes)
Event: 1.098 Thread 0x0000025677e41000 nmethod 2014 0x000002565ce4c210 code [0x000002565ce4c400, 0x000002565ce4c958]
Event: 1.098 Thread 0x0000025677e41000 2015       3       java.security.CodeSource::getCertificates (98 bytes)
Event: 1.098 Thread 0x0000025678868800 2018       4       java.lang.Character::charCount (12 bytes)
Event: 1.099 Thread 0x0000025677e41000 nmethod 2015 0x000002565ce4cb10 code [0x000002565ce4cd60, 0x000002565ce4dab8]
Event: 1.099 Thread 0x0000025677e41000 2019       3       sun.util.locale.LanguageTag::isLanguage (29 bytes)
Event: 1.099 Thread 0x0000025678868800 nmethod 2018 0x0000025664034190 code [0x0000025664034320, 0x0000025664034398]
Event: 1.099 Thread 0x0000025677e41000 nmethod 2019 0x000002565ce4dd90 code [0x000002565ce4dfc0, 0x000002565ce4e978]
Event: 1.099 Thread 0x0000025677e41000 2016       3       java.util.regex.Pattern::isSupplementary (21 bytes)
Event: 1.099 Thread 0x0000025677e41000 nmethod 2016 0x000002565ce4ec90 code [0x000002565ce4ee40, 0x000002565ce4f0b8]
Event: 1.099 Thread 0x0000025677e41000 2020       3       sun.util.locale.LanguageTag::getVariants (24 bytes)
Event: 1.099 Thread 0x0000025677e41000 nmethod 2020 0x000002565ce4f190 code [0x000002565ce4f3e0, 0x000002565ce4ffc8]
Event: 1.099 Thread 0x0000025677e41000 2021       3       sun.util.locale.LanguageTag::getExtensions (24 bytes)
Event: 1.100 Thread 0x0000025677e41000 nmethod 2021 0x000002565ce50310 code [0x000002565ce50560, 0x000002565ce51148]
Event: 1.100 Thread 0x0000025677e41000 2017       3       java.lang.Character::isSurrogate (18 bytes)
Event: 1.100 Thread 0x0000025677e41000 nmethod 2017 0x000002565ce51490 code [0x000002565ce51620, 0x000002565ce51798]

GC Heap History (4 events):
Event: 0.562 GC heap before
{Heap before GC invocations=0 (full 0):
 garbage-first heap   total 260096K, used 20480K [0x0000000702800000, 0x0000000800000000)
  region size 1024K, 21 young (21504K), 0 survivors (0K)
 Metaspace       used 5517K, capacity 7791K, committed 7936K, reserved 1056768K
  class space    used 648K, capacity 900K, committed 1024K, reserved 1048576K
}
Event: 0.566 GC heap after
{Heap after GC invocations=1 (full 0):
 garbage-first heap   total 260096K, used 3744K [0x0000000702800000, 0x0000000800000000)
  region size 1024K, 3 young (3072K), 3 survivors (3072K)
 Metaspace       used 5517K, capacity 7791K, committed 7936K, reserved 1056768K
  class space    used 648K, capacity 900K, committed 1024K, reserved 1048576K
}
Event: 0.842 GC heap before
{Heap before GC invocations=1 (full 0):
 garbage-first heap   total 260096K, used 30368K [0x0000000702800000, 0x0000000800000000)
  region size 1024K, 29 young (29696K), 3 survivors (3072K)
 Metaspace       used 8437K, capacity 10438K, committed 10496K, reserved 1058816K
  class space    used 1007K, capacity 1267K, committed 1280K, reserved 1048576K
}
Event: 0.844 GC heap after
{Heap after GC invocations=2 (full 0):
 garbage-first heap   total 260096K, used 4717K [0x0000000702800000, 0x0000000800000000)
  region size 1024K, 2 young (2048K), 2 survivors (2048K)
 Metaspace       used 8437K, capacity 10438K, committed 10496K, reserved 1058816K
  class space    used 1007K, capacity 1267K, committed 1280K, reserved 1048576K
}

Deoptimization events (20 events):
Event: 0.787 Thread 0x0000025651bbb000 Uncommon trap: trap_request=0xffffffc6 fr.pc=0x0000025663ffa604 relative=0x0000000000000a64
Event: 0.787 Thread 0x0000025651bbb000 Uncommon trap: reason=bimorphic_or_optimized_type_check action=maybe_recompile pc=0x0000025663ffa604 method=java.util.HashMap.putVal(ILjava/lang/Object;Ljava/lang/Object;ZZ)Ljava/lang/Object; @ 91 c2
Event: 0.787 Thread 0x0000025651bbb000 DEOPT PACKING pc=0x0000025663ffa604 sp=0x000000cdf21fd6a0
Event: 0.787 Thread 0x0000025651bbb000 DEOPT UNPACKING pc=0x000002565c4e912f sp=0x000000cdf21fd630 mode 2
Event: 1.095 Thread 0x0000025651bbb000 Uncommon trap: trap_request=0xffffff45 fr.pc=0x00000256640330c0 relative=0x0000000000000200
Event: 1.095 Thread 0x0000025651bbb000 Uncommon trap: reason=unstable_if action=reinterpret pc=0x00000256640330c0 method=org.eclipse.sisu.inject.InjectorBindings.isAssignableFrom(Lcom/google/inject/TypeLiteral;Lcom/google/inject/Binding;)Z @ 14 c2
Event: 1.095 Thread 0x0000025651bbb000 DEOPT PACKING pc=0x00000256640330c0 sp=0x000000cdf21fd140
Event: 1.095 Thread 0x0000025651bbb000 DEOPT UNPACKING pc=0x000002565c4e912f sp=0x000000cdf21fd0e0 mode 2
Event: 1.099 Thread 0x0000025651bbb000 Uncommon trap: trap_request=0xffffffbe fr.pc=0x0000025664002ec8 relative=0x0000000000002068
Event: 1.099 Thread 0x0000025651bbb000 Uncommon trap: reason=profile_predicate action=maybe_recompile pc=0x0000025664002ec8 method=jdk.internal.jimage.ImageStringsReader.charsFromByteBuffer([CLjava/nio/ByteBuffer;)V @ 6 c2
Event: 1.099 Thread 0x0000025651bbb000 DEOPT PACKING pc=0x0000025664002ec8 sp=0x000000cdf21fcfd0
Event: 1.099 Thread 0x0000025651bbb000 DEOPT UNPACKING pc=0x000002565c4e912f sp=0x000000cdf21fcd70 mode 2
Event: 1.099 Thread 0x0000025651bbb000 Uncommon trap: trap_request=0xffffffbe fr.pc=0x0000025664002ec8 relative=0x0000000000002068
Event: 1.099 Thread 0x0000025651bbb000 Uncommon trap: reason=profile_predicate action=maybe_recompile pc=0x0000025664002ec8 method=jdk.internal.jimage.ImageStringsReader.charsFromByteBuffer([CLjava/nio/ByteBuffer;)V @ 6 c2
Event: 1.099 Thread 0x0000025651bbb000 DEOPT PACKING pc=0x0000025664002ec8 sp=0x000000cdf21fd0c0
Event: 1.099 Thread 0x0000025651bbb000 DEOPT UNPACKING pc=0x000002565c4e912f sp=0x000000cdf21fce60 mode 2
Event: 1.099 Thread 0x0000025651bbb000 Uncommon trap: trap_request=0xffffff45 fr.pc=0x0000025663ff7848 relative=0x0000000000000108
Event: 1.099 Thread 0x0000025651bbb000 Uncommon trap: reason=unstable_if action=reinterpret pc=0x0000025663ff7848 method=java.nio.Buffer.limit(I)Ljava/nio/Buffer; @ 42 c2
Event: 1.099 Thread 0x0000025651bbb000 DEOPT PACKING pc=0x0000025663ff7848 sp=0x000000cdf21fcfe0
Event: 1.099 Thread 0x0000025651bbb000 DEOPT UNPACKING pc=0x000002565c4e912f sp=0x000000cdf21fce40 mode 2

Classes unloaded (0 events):
No events

Classes redefined (0 events):
No events

Internal exceptions (5 events):
Event: 0.121 Thread 0x0000025651bbb000 Exception <a 'java/lang/NoSuchMethodError'{0x000000071228fc80}: 'int java.lang.invoke.DirectMethodHandle$Holder.invokeSpecialIFC(java.lang.Object, java.lang.Object, int)'> (0x000000071228fc80) 
thrown [./open/src/hotspot/share/interpreter/linkResolver.cpp, line 766]
Event: 0.162 Thread 0x0000025651bbb000 Exception <a 'java/lang/NoSuchMethodError'{0x00000007121ac638}: 'java.lang.Object java.lang.invoke.DirectMethodHandle$Holder.invokeStaticInit(java.lang.Object, int, int, int, int)'> (0x00000007121ac638) 
thrown [./open/src/hotspot/share/interpreter/linkResolver.cpp, line 766]
Event: 0.224 Thread 0x0000025651bbb000 Exception <a 'java/lang/NoSuchMethodError'{0x000000071209a980}: 'java.lang.Object java.lang.invoke.DirectMethodHandle$Holder.invokeStaticInit(java.lang.Object, java.lang.Object, int, int, int, int)'> (0x000000071209a980) 
thrown [./open/src/hotspot/share/interpreter/linkResolver.cpp, line 766]
Event: 1.041 Thread 0x0000025651bbb000 Exception <a 'java/lang/NoClassDefFoundError'{0x00000007118b9cb8}: com/google/inject/servlet/ServletModuleTargetVisitor> (0x00000007118b9cb8) 
thrown [./open/src/hotspot/share/classfile/systemDictionary.cpp, line 215]
Event: 1.041 Thread 0x0000025651bbb000 Exception <a 'java/lang/NoClassDefFoundError'{0x00000007118bc620}: javax/annotation/Priority> (0x00000007118bc620) 
thrown [./open/src/hotspot/share/classfile/systemDictionary.cpp, line 215]

Events (20 events):
Event: 1.059 loading class java/util/concurrent/ThreadPoolExecutor$AbortPolicy
Event: 1.059 loading class java/util/concurrent/RejectedExecutionHandler
Event: 1.059 loading class java/util/concurrent/RejectedExecutionHandler done
Event: 1.059 loading class java/util/concurrent/ThreadPoolExecutor$AbortPolicy done
Event: 1.073 loading class java/security/Key
Event: 1.073 loading class java/security/Key done
Event: 1.073 loading class java/security/spec/AlgorithmParameterSpec
Event: 1.073 loading class java/security/spec/AlgorithmParameterSpec done
Event: 1.082 Executing VM operation: HandshakeAllThreads
Event: 1.082 Executing VM operation: HandshakeAllThreads done
Event: 1.099 loading class sun/util/resources/LocaleData$CommonResourceBundleProvider
Event: 1.099 loading class sun/util/resources/LocaleData$LocaleDataResourceBundleProvider
Event: 1.099 loading class java/util/spi/ResourceBundleProvider
Event: 1.099 loading class java/util/spi/ResourceBundleProvider done
Event: 1.099 loading class sun/util/resources/LocaleData$LocaleDataResourceBundleProvider done
Event: 1.099 loading class sun/util/resources/LocaleData$CommonResourceBundleProvider done
Event: 1.099 loading class sun/util/resources/Bundles$2
Event: 1.099 loading class sun/util/resources/Bundles$2 done
Event: 1.099 loading class java/lang/InternalError
Event: 1.099 loading class java/lang/InternalError done


Dynamic libraries:
0x00007ff607590000 - 0x00007ff60759f000 	F:\Program Files\Java\jdk-14.0.2\bin\java.exe
0x00007fff12090000 - 0x00007fff12285000 	C:\WINDOWS\SYSTEM32\ntdll.dll
0x00007fff10990000 - 0x00007fff10a4d000 	C:\WINDOWS\System32\KERNEL32.DLL
0x00007fff0f9b0000 - 0x00007fff0fc78000 	C:\WINDOWS\System32\KERNELBASE.dll
0x00007fff0f8b0000 - 0x00007fff0f9b0000 	C:\WINDOWS\System32\ucrtbase.dll
0x00007fff09a70000 - 0x00007fff09a85000 	F:\Program Files\Java\jdk-14.0.2\bin\VCRUNTIME140.dll
0x00007fff09a90000 - 0x00007fff09aa8000 	F:\Program Files\Java\jdk-14.0.2\bin\jli.dll
0x00007fff113b0000 - 0x00007fff1145c000 	C:\WINDOWS\System32\ADVAPI32.dll
0x00007fff10f10000 - 0x00007fff10fae000 	C:\WINDOWS\System32\msvcrt.dll
0x00007fff11fb0000 - 0x00007fff1204b000 	C:\WINDOWS\System32\sechost.dll
0x00007fff11730000 - 0x00007fff1185b000 	C:\WINDOWS\System32\RPCRT4.dll
0x00007fff10d70000 - 0x00007fff10f10000 	C:\WINDOWS\System32\USER32.dll
0x00007fff0fec0000 - 0x00007fff0fee2000 	C:\WINDOWS\System32\win32u.dll
0x00007fff10a50000 - 0x00007fff10a7a000 	C:\WINDOWS\System32\GDI32.dll
0x00007fff0fce0000 - 0x00007fff0fdeb000 	C:\WINDOWS\System32\gdi32full.dll
0x00007fff0fdf0000 - 0x00007fff0fe8d000 	C:\WINDOWS\System32\msvcp_win.dll
0x00007ffefb620000 - 0x00007ffefb8ba000 	C:\WINDOWS\WinSxS\amd64_microsoft.windows.common-controls_6595b64144ccf1df_6.0.19041.1052_none_60b8f8fd71f5e8cb\COMCTL32.dll
0x00007fff0f360000 - 0x00007fff0f36a000 	C:\WINDOWS\SYSTEM32\VERSION.dll
0x00007fff10fc0000 - 0x00007fff10ff0000 	C:\WINDOWS\System32\IMM32.DLL
0x00007fff08eb0000 - 0x00007fff08f4b000 	F:\Program Files\Java\jdk-14.0.2\bin\msvcp140.dll
0x00007ffe9ac70000 - 0x00007ffe9b78e000 	F:\Program Files\Java\jdk-14.0.2\bin\server\jvm.dll
0x00007fff10fb0000 - 0x00007fff10fb8000 	C:\WINDOWS\System32\PSAPI.DLL
0x00007ffefbaf0000 - 0x00007ffefbb17000 	C:\WINDOWS\SYSTEM32\WINMM.dll
0x00007fff096a0000 - 0x00007fff096a9000 	C:\WINDOWS\SYSTEM32\WSOCK32.dll
0x00007fff11530000 - 0x00007fff1159b000 	C:\WINDOWS\System32\WS2_32.dll
0x00007fff0d690000 - 0x00007fff0d6a2000 	C:\WINDOWS\SYSTEM32\kernel.appcore.dll
0x00007fff09a60000 - 0x00007fff09a6a000 	F:\Program Files\Java\jdk-14.0.2\bin\jimage.dll
0x00007fff054a0000 - 0x00007fff05684000 	C:\WINDOWS\SYSTEM32\DBGHELP.DLL
0x00007fff05090000 - 0x00007fff050bc000 	C:\WINDOWS\SYSTEM32\dbgcore.DLL
0x00007fff0f820000 - 0x00007fff0f8a3000 	C:\WINDOWS\System32\bcryptPrimitives.dll
0x00007fff08e30000 - 0x00007fff08e55000 	F:\Program Files\Java\jdk-14.0.2\bin\java.dll
0x00007fff08300000 - 0x00007fff08316000 	F:\Program Files\Java\jdk-14.0.2\bin\zip.dll
0x00007fff11870000 - 0x00007fff11faf000 	C:\WINDOWS\System32\SHELL32.dll
0x00007fff0d890000 - 0x00007fff0e020000 	C:\WINDOWS\SYSTEM32\windows.storage.dll
0x00007fff10630000 - 0x00007fff10985000 	C:\WINDOWS\System32\combase.dll
0x00007fff0f1d0000 - 0x00007fff0f1fc000 	C:\WINDOWS\SYSTEM32\Wldp.dll
0x00007fff10a80000 - 0x00007fff10b2e000 	C:\WINDOWS\System32\SHCORE.dll
0x00007fff11350000 - 0x00007fff113a5000 	C:\WINDOWS\System32\shlwapi.dll
0x00007fff0f710000 - 0x00007fff0f72f000 	C:\WINDOWS\SYSTEM32\profapi.dll
0x00007fff082e0000 - 0x00007fff082f9000 	F:\Program Files\Java\jdk-14.0.2\bin\net.dll
0x00007fff007e0000 - 0x00007fff008eb000 	C:\WINDOWS\SYSTEM32\WINHTTP.dll
0x00007fff0ef40000 - 0x00007fff0efaa000 	C:\WINDOWS\system32\mswsock.dll
0x00007fff082c0000 - 0x00007fff082d2000 	F:\Program Files\Java\jdk-14.0.2\bin\nio.dll
0x00007fff082b0000 - 0x00007fff082c0000 	F:\Program Files\Java\jdk-14.0.2\bin\verify.dll
0x00007fff0f110000 - 0x00007fff0f128000 	C:\WINDOWS\SYSTEM32\CRYPTSP.dll
0x00007fff0e870000 - 0x00007fff0e8a4000 	C:\WINDOWS\system32\rsaenh.dll
0x00007fff0fe90000 - 0x00007fff0feb7000 	C:\WINDOWS\System32\bcrypt.dll
0x00007fff0f690000 - 0x00007fff0f6be000 	C:\WINDOWS\SYSTEM32\USERENV.dll
0x00007fff0f130000 - 0x00007fff0f13c000 	C:\WINDOWS\SYSTEM32\CRYPTBASE.dll
0x00007fff0ebe0000 - 0x00007fff0ec1b000 	C:\WINDOWS\SYSTEM32\IPHLPAPI.DLL
0x00007fff11860000 - 0x00007fff11868000 	C:\WINDOWS\System32\NSI.dll
0x00007fff058e0000 - 0x00007fff058f7000 	C:\WINDOWS\SYSTEM32\dhcpcsvc6.DLL
0x00007fff058c0000 - 0x00007fff058dd000 	C:\WINDOWS\SYSTEM32\dhcpcsvc.DLL
0x00007fff0ec20000 - 0x00007fff0ecec000 	C:\WINDOWS\SYSTEM32\DNSAPI.dll
0x00007fff09a40000 - 0x00007fff09a4a000 	C:\Users\UOG\AppData\Local\Temp\jansi-1.17.1-1243950799701727458.dll
0x00007fff09a30000 - 0x00007fff09a3a000 	C:\Users\UOG\AppData\Local\Temp\jansi-1.17.1-10522071582100819968.dll

dbghelp: loaded successfully - version: 4.0.5 - missing functions: none
symbol engine: initialized successfully - sym options: 0x614 - pdb path: .;F:\Program Files\Java\jdk-14.0.2\bin;C:\WINDOWS\SYSTEM32;C:\WINDOWS\WinSxS\amd64_microsoft.windows.common-controls_6595b64144ccf1df_6.0.19041.1052_none_60b8f8fd71f5e8cb;F:\Program Files\Java\jdk-14.0.2\bin\server;C:\Users\UOG\AppData\Local\Temp

VM Arguments:
jvm_args: -Dmaven.multiModuleProjectDirectory=D:\JAVA\Project\EnergyProject -DarchetypeCatalog=local -Dmaven.home=F:\Program Files\apache-maven-3.8.1 -Dclassworlds.conf=F:\Program Files\apache-maven-3.8.1\bin\m2.conf -Dmaven.ext.class.path=F:\Program Files\JetBrains\IntelliJ IDEA 2021.1.1\plugins\maven\lib\maven-event-listener.jar -Dfile.encoding=UTF-8 
java_command: org.codehaus.classworlds.Launcher -Didea.version=2021.1.1 -s F:\Program Files\apache-maven-3.8.1\conf\settings.xml -Dmaven.repo.local=F:\mavenRepository compile war:exploded
java_class_path (initial): F:\Program Files\apache-maven-3.8.1\boot\plexus-classworlds-2.6.0.jar;F:\Program Files\apache-maven-3.8.1\boot\plexus-classworlds.license
Launcher Type: SUN_STANDARD

[Global flags]
     intx CICompilerCount                          = 3                                         {product} {ergonomic}
     uint ConcGCThreads                            = 2                                         {product} {ergonomic}
     uint G1ConcRefinementThreads                  = 6                                         {product} {ergonomic}
   size_t G1HeapRegionSize                         = 1048576                                   {product} {ergonomic}
    uintx GCDrainStackTargetSize                   = 64                                        {product} {ergonomic}
   size_t InitialHeapSize                          = 266338304                                 {product} {ergonomic}
   size_t MarkStackSize                            = 4194304                                   {product} {ergonomic}
   size_t MaxHeapSize                              = 4253024256                                {product} {ergonomic}
   size_t MaxNewSize                               = 2551185408                                {product} {ergonomic}
   size_t MinHeapDeltaBytes                        = 1048576                                   {product} {ergonomic}
   size_t MinHeapSize                              = 8388608                                   {product} {ergonomic}
    uintx NonNMethodCodeHeapSize                   = 5832780                                {pd product} {ergonomic}
    uintx NonProfiledCodeHeapSize                  = 122912730                              {pd product} {ergonomic}
    uintx ProfiledCodeHeapSize                     = 122912730                              {pd product} {ergonomic}
    uintx ReservedCodeCacheSize                    = 251658240                              {pd product} {ergonomic}
     bool SegmentedCodeCache                       = true                                      {product} {ergonomic}
   size_t SoftMaxHeapSize                          = 4253024256                             {manageable} {ergonomic}
     bool UseCompressedClassPointers               = true                                 {lp64_product} {ergonomic}
     bool UseCompressedOops                        = true                                 {lp64_product} {ergonomic}
     bool UseG1GC                                  = true                                      {product} {ergonomic}
     bool UseLargePagesIndividualAllocation        = false                                  {pd product} {ergonomic}

Logging:
Log output configuration:
 #0: stdout all=warning uptime,level,tags
 #1: stderr all=off uptime,level,tags

Environment Variables:
JAVA_HOME=F:\Program Files\Java\jdk-14.0.2
PATH=C:\Program Files (x86)\VMware\VMware Workstation\bin\;C:\Windows\system32;C:\Windows;C:\Windows\System32\Wbem;C:\Windows\System32\WindowsPowerShell\v1.0\;C:\Windows\System32\OpenSSH\;C:\Program Files (x86)\NVIDIA Corporation\PhysX\Common;C:\Program Files\NVIDIA Corporation\NVIDIA NvDLISR;C:\WINDOWS\system32;C:\WINDOWS;C:\WINDOWS\System32\Wbem;C:\WINDOWS\System32\WindowsPowerShell\v1.0\;C:\WINDOWS\System32\OpenSSH\;F:\Program Files\Java\jdk-14.0.2\bin;D:\mysql-8.0.23\bin;F:\Program Files\apache-maven-3.8.1\bin;F:\Program Files (x86)\Microsoft SQL Server\150\DTS\Binn\;"F:\Program Files\Java\apache-tomcat-9.0.45\lib;F:\Program Files\Java\apache-tomcat-9.0.45\bin";C:\ProgramData\chocolatey\bin;F:\Program Files\nodejs;C:\Program Files\PowerShell\7-preview\preview;F:\Program Files\nodejs\node_global;C:\Program Files\PowerShell\7-preview\Modules\oh-my-posh\bin;F:\Program Files\Nginx\nginx-1.18.0;F:\Program Files\nodejs\;f:\Program Files\Git\cmd;F:\Program Files\Java\apache-tomcat-9.0.45\bin;F:\Program Files\Java\apache-tomcat-9.0.45\lib;F:\Program Files (x86)\Microsoft SQL Server\150\Tools\Binn\;F:\Program Files\Microsoft SQL Server\150\Tools\Binn\;F:\Program Files\Microsoft SQL Server\150\DTS\Binn\;F:\Program Files\Microsoft SQL Server\Client SDK\ODBC\170\Tools\Binn\;C:\Program Files\Azure Data Studio\bin;F:\Program Files (x86)\ForceControl V7.2;F:\Program Files (x86)\ForceControl V7.1;C:\Program Files\dotnet\;F:\Program Files\Microsoft SQL Server\130\Tools\Binn\;D:\Scoop\shims;C:\Users\UOG\AppData\Local\Microsoft\WindowsApps;F:\Program Files\Java\jdk-14.0.2\bin;F:\Program Files\JetBrains\IntelliJ IDEA 2021.1.1\bin;D:\mysql-8.0.23\bin;F:\Program Files\JetBrains\WebStorm 2021.1\bin;F:\Program Files\apache-maven-3.8.1\bin;C:\Program Files\Azure Data Studio\bin;"F:\Program Files\Java\apache-tomcat-9.0.45\lib;F:\Program Files\Java\apache-tomcat-9.0.45\bin";F:\Program Files\nodejs;F:\Program Files\nodejs\node_global;C:\Program Files\PowerShell\7-preview\Modules\oh-my-posh\bi
USERNAME=UOG
OS=Windows_NT
PROCESSOR_IDENTIFIER=Intel64 Family 6 Model 158 Stepping 13, GenuineIntel



---------------  S Y S T E M  ---------------

OS: Windows 10 , 64 bit Build 19041 (10.0.19041.1023)
OS uptime: 8 days 2:27 hours

CPU:total 6 (initial active 6) (6 cores per cpu, 1 threads per core) family 6 model 158 stepping 13, cmov, cx8, fxsr, mmx, sse, sse2, sse3, ssse3, sse4.1, sse4.2, popcnt, avx, avx2, aes, clmul, erms, 3dnowpref, lzcnt, tsc, tscinvbit, bmi1, bmi2, adx, fma

Memory: 4k page, system-wide physical 16222M (550M free)
TotalPageFile size 29075M (AvailPageFile size 7M)
current process WorkingSet (physical memory assigned to process): 108M, peak: 108M
current process commit charge ("private bytes"): 377M, peak: 377M

vm_info: Java HotSpot(TM) 64-Bit Server VM (14.0.2+12-46) for windows-amd64 JRE (14.0.2+12-46), built on Jul  9 2020 00:35:52 by "mach5one" with MS VC++ 15.9 (VS2017)

END.
