#
# There is insufficient memory for the Java Runtime Environment to continue.
# Native memory allocation (malloc) failed to allocate 1904640 bytes for Chunk::new
# Possible reasons:
#   The system is out of physical RAM or swap space
#   The process is running with CompressedOops enabled, and the Java Heap may be blocking the growth of the native heap
# Possible solutions:
#   Reduce memory load on the system
#   Increase physical memory or swap space
#   Check if swap backing store is full
#   Decrease Java heap size (-Xmx/-Xms)
#   Decrease number of Java threads
#   Decrease Java thread stack sizes (-Xss)
#   Set larger code cache with -XX:ReservedCodeCacheSize=
#   JVM is running with Zero Based Compressed Oops mode in which the Java heap is
#     placed in the first 32GB address space. The Java Heap base address is the
#     maximum limit for the native heap growth. Please use -XX:HeapBaseMinAddress
#     to set the Java Heap base and to place the Java Heap above 32GB virtual address.
# This output file may be truncated or incomplete.
#
#  Out of Memory Error (./open/src/hotspot/share/memory/arena.cpp:195), pid=20572, tid=12860
#
# JRE version: Java(TM) SE Runtime Environment (14.0.2+12) (build 14.0.2+12-46)
# Java VM: Java HotSpot(TM) 64-Bit Server VM (14.0.2+12-46, mixed mode, sharing, tiered, compressed oops, g1 gc, windows-amd64)
# No core dump will be written. Minidumps are not enabled by default on client versions of Windows
#

---------------  S U M M A R Y ------------

Command Line: -Dmaven.multiModuleProjectDirectory=D:\JAVA\Project\EnergyProject -DarchetypeCatalog=local -Dmaven.home=F:\Program Files\apache-maven-3.8.1 -Dclassworlds.conf=F:\Program Files\apache-maven-3.8.1\bin\m2.conf -Dmaven.ext.class.path=F:\Program Files\JetBrains\IntelliJ IDEA 2021.1.1\plugins\maven\lib\maven-event-listener.jar -Dfile.encoding=UTF-8 org.codehaus.classworlds.Launcher -Didea.version=2021.1.1 -s F:\Program Files\apache-maven-3.8.1\conf\settings.xml -Dmaven.repo.local=F:\mavenRepository install

Host: Intel(R) Core(TM) i5-9400 CPU @ 2.90GHz, 6 cores, 15G,  Windows 10 , 64 bit Build 19041 (10.0.19041.1023)
Time: Tue Jul 27 17:32:17 2021 中国标准时间 elapsed time: 5 seconds (0d 0h 0m 5s)

---------------  T H R E A D  ---------------

Current thread (0x000002cb30949000):  JavaThread "C2 CompilerThread0" daemon [_thread_in_native, id=12860, stack(0x000000f013700000,0x000000f013800000)]


Current CompileTask:
C2:   5779 4305   !   4       com.google.inject.spi.InjectionPoint::getInjectionPoints (489 bytes)

Stack: [0x000000f013700000,0x000000f013800000]
Native frames: (J=compiled Java code, j=interpreted, Vv=VM code, C=native code)
V  [jvm.dll+0x5f8a9a]
V  [jvm.dll+0x74247a]
V  [jvm.dll+0x743c2f]
V  [jvm.dll+0x744273]
V  [jvm.dll+0x20d288]
V  [jvm.dll+0xabb07]
V  [jvm.dll+0xac1fc]
V  [jvm.dll+0x31c495]
V  [jvm.dll+0x18ce00]
V  [jvm.dll+0x1e5efa]
V  [jvm.dll+0x1e50b8]
V  [jvm.dll+0x1779cc]
V  [jvm.dll+0x1f4105]
V  [jvm.dll+0x1f22eb]
V  [jvm.dll+0x7070cd]
V  [jvm.dll+0x6ffeda]
V  [jvm.dll+0x5f78f6]
C  [ucrtbase.dll+0x21bb2]
C  [KERNEL32.DLL+0x17034]
C  [ntdll.dll+0x52651]


---------------  P R O C E S S  ---------------

Threads class SMR info:
_java_thread_list=0x000002cb32c838a0, length=11, elements={
0x000002cb0d08e000, 0x000002cb3091d800, 0x000002cb3091f000, 0x000002cb30944000,
0x000002cb30945000, 0x000002cb30948000, 0x000002cb30949000, 0x000002cb311d9000,
0x000002cb311e0000, 0x000002cb3132c800, 0x000002cb31355800
}

Java Threads: ( => current thread )
  0x000002cb0d08e000 JavaThread "main" [_thread_in_native, id=6428, stack(0x000000f012b00000,0x000000f012c00000)]
  0x000002cb3091d800 JavaThread "Reference Handler" daemon [_thread_blocked, id=17772, stack(0x000000f013200000,0x000000f013300000)]
  0x000002cb3091f000 JavaThread "Finalizer" daemon [_thread_blocked, id=20120, stack(0x000000f013300000,0x000000f013400000)]
  0x000002cb30944000 JavaThread "Signal Dispatcher" daemon [_thread_blocked, id=15552, stack(0x000000f013400000,0x000000f013500000)]
  0x000002cb30945000 JavaThread "Attach Listener" daemon [_thread_blocked, id=14008, stack(0x000000f013500000,0x000000f013600000)]
  0x000002cb30948000 JavaThread "Service Thread" daemon [_thread_blocked, id=11584, stack(0x000000f013600000,0x000000f013700000)]
=>0x000002cb30949000 JavaThread "C2 CompilerThread0" daemon [_thread_in_native, id=12860, stack(0x000000f013700000,0x000000f013800000)]
  0x000002cb311d9000 JavaThread "C1 CompilerThread0" daemon [_thread_blocked, id=25424, stack(0x000000f013800000,0x000000f013900000)]
  0x000002cb311e0000 JavaThread "Sweeper thread" daemon [_thread_blocked, id=22792, stack(0x000000f013900000,0x000000f013a00000)]
  0x000002cb3132c800 JavaThread "Notification Thread" daemon [_thread_blocked, id=22476, stack(0x000000f013a00000,0x000000f013b00000)]
  0x000002cb31355800 JavaThread "Common-Cleaner" daemon [_thread_blocked, id=8052, stack(0x000000f013c00000,0x000000f013d00000)]

Other Threads:
  0x000002cb3091a800 VMThread "VM Thread" [stack: 0x000000f013100000,0x000000f013200000] [id=23520]
  0x000002cb31352800 WatcherThread [stack: 0x000000f013b00000,0x000000f013c00000] [id=13980]
  0x000002cb0d0f7800 GCTaskThread "GC Thread#0" [stack: 0x000000f012c00000,0x000000f012d00000] [id=24048]
  0x000002cb32187800 GCTaskThread "GC Thread#1" [stack: 0x000000f013e00000,0x000000f013f00000] [id=18688]
  0x000002cb31ca7000 GCTaskThread "GC Thread#2" [stack: 0x000000f013f00000,0x000000f014000000] [id=22028]
  0x000002cb31792800 GCTaskThread "GC Thread#3" [stack: 0x000000f014000000,0x000000f014100000] [id=4440]
  0x000002cb31793000 GCTaskThread "GC Thread#4" [stack: 0x000000f014100000,0x000000f014200000] [id=5432]
  0x000002cb31793800 GCTaskThread "GC Thread#5" [stack: 0x000000f014200000,0x000000f014300000] [id=9120]
  0x000002cb0d118800 ConcurrentGCThread "G1 Main Marker" [stack: 0x000000f012d00000,0x000000f012e00000] [id=25296]
  0x000002cb0d11a800 ConcurrentGCThread "G1 Conc#0" [stack: 0x000000f012e00000,0x000000f012f00000] [id=20588]
  0x000002cb30807800 ConcurrentGCThread "G1 Refine#0" [stack: 0x000000f012f00000,0x000000f013000000] [id=23624]
  0x000002cb30809000 ConcurrentGCThread "G1 Young RemSet Sampling" [stack: 0x000000f013000000,0x000000f013100000] [id=14452]

Threads with active compile tasks:
C2 CompilerThread0     5804 4305   !   4       com.google.inject.spi.InjectionPoint::getInjectionPoints (489 bytes)

VM state:not at safepoint (normal execution)

VM Mutex/Monitor currently owned by a thread: None

Heap address: 0x0000000702800000, size: 4056 MB, Compressed Oops mode: Zero based, Oop shift amount: 3
Narrow klass base: 0x0000000800000000, Narrow klass shift: 3
Compressed class space size: 1073741824 Address: 0x0000000800b30000

Heap:
 garbage-first heap   total 260096K, used 57904K [0x0000000702800000, 0x0000000800000000)
  region size 1024K, 54 young (55296K), 10 survivors (10240K)
 Metaspace       used 17596K, capacity 18830K, committed 18944K, reserved 1067008K
  class space    used 1944K, capacity 2191K, committed 2304K, reserved 1048576K
Heap Regions: E=young(eden), S=young(survivor), O=old, HS=humongous(starts), HC=humongous(continues), CS=collection set, F=free, OA=open archive, CA=closed archive, TAMS=top-at-mark-start (previous, next)
|   0|0x0000000702800000, 0x0000000702900000, 0x0000000702900000|100%| O|  |TAMS 0x0000000702800000, 0x0000000702800000| Untracked 
|   1|0x0000000702900000, 0x0000000702a00000, 0x0000000702a00000|100%| O|  |TAMS 0x0000000702900000, 0x0000000702900000| Untracked 
|   2|0x0000000702a00000, 0x0000000702b00000, 0x0000000702b00000|100%| O|  |TAMS 0x0000000702a00000, 0x0000000702a00000| Untracked 
|   3|0x0000000702b00000, 0x0000000702b90800, 0x0000000702c00000| 56%| O|  |TAMS 0x0000000702b00000, 0x0000000702b00000| Untracked 
|   4|0x0000000702c00000, 0x0000000702c00000, 0x0000000702d00000|  0%| F|  |TAMS 0x0000000702c00000, 0x0000000702c00000| Untracked 
|   5|0x0000000702d00000, 0x0000000702d00000, 0x0000000702e00000|  0%| F|  |TAMS 0x0000000702d00000, 0x0000000702d00000| Untracked 
|   6|0x0000000702e00000, 0x0000000702e00000, 0x0000000702f00000|  0%| F|  |TAMS 0x0000000702e00000, 0x0000000702e00000| Untracked 
|   7|0x0000000702f00000, 0x0000000702f00000, 0x0000000703000000|  0%| F|  |TAMS 0x0000000702f00000, 0x0000000702f00000| Untracked 
|   8|0x0000000703000000, 0x0000000703000000, 0x0000000703100000|  0%| F|  |TAMS 0x0000000703000000, 0x0000000703000000| Untracked 
|   9|0x0000000703100000, 0x0000000703100000, 0x0000000703200000|  0%| F|  |TAMS 0x0000000703100000, 0x0000000703100000| Untracked 
|  10|0x0000000703200000, 0x0000000703200000, 0x0000000703300000|  0%| F|  |TAMS 0x0000000703200000, 0x0000000703200000| Untracked 
|  11|0x0000000703300000, 0x0000000703300000, 0x0000000703400000|  0%| F|  |TAMS 0x0000000703300000, 0x0000000703300000| Untracked 
|  12|0x0000000703400000, 0x0000000703400000, 0x0000000703500000|  0%| F|  |TAMS 0x0000000703400000, 0x0000000703400000| Untracked 
|  13|0x0000000703500000, 0x0000000703500000, 0x0000000703600000|  0%| F|  |TAMS 0x0000000703500000, 0x0000000703500000| Untracked 
|  14|0x0000000703600000, 0x0000000703600000, 0x0000000703700000|  0%| F|  |TAMS 0x0000000703600000, 0x0000000703600000| Untracked 
|  15|0x0000000703700000, 0x0000000703700000, 0x0000000703800000|  0%| F|  |TAMS 0x0000000703700000, 0x0000000703700000| Untracked 
|  16|0x0000000703800000, 0x0000000703800000, 0x0000000703900000|  0%| F|  |TAMS 0x0000000703800000, 0x0000000703800000| Untracked 
|  17|0x0000000703900000, 0x0000000703900000, 0x0000000703a00000|  0%| F|  |TAMS 0x0000000703900000, 0x0000000703900000| Untracked 
|  18|0x0000000703a00000, 0x0000000703a00000, 0x0000000703b00000|  0%| F|  |TAMS 0x0000000703a00000, 0x0000000703a00000| Untracked 
|  19|0x0000000703b00000, 0x0000000703b00000, 0x0000000703c00000|  0%| F|  |TAMS 0x0000000703b00000, 0x0000000703b00000| Untracked 
|  20|0x0000000703c00000, 0x0000000703c00000, 0x0000000703d00000|  0%| F|  |TAMS 0x0000000703c00000, 0x0000000703c00000| Untracked 
|  21|0x0000000703d00000, 0x0000000703d00000, 0x0000000703e00000|  0%| F|  |TAMS 0x0000000703d00000, 0x0000000703d00000| Untracked 
|  22|0x0000000703e00000, 0x0000000703e00000, 0x0000000703f00000|  0%| F|  |TAMS 0x0000000703e00000, 0x0000000703e00000| Untracked 
|  23|0x0000000703f00000, 0x0000000703f00000, 0x0000000704000000|  0%| F|  |TAMS 0x0000000703f00000, 0x0000000703f00000| Untracked 
|  24|0x0000000704000000, 0x0000000704000000, 0x0000000704100000|  0%| F|  |TAMS 0x0000000704000000, 0x0000000704000000| Untracked 
|  25|0x0000000704100000, 0x0000000704100000, 0x0000000704200000|  0%| F|  |TAMS 0x0000000704100000, 0x0000000704100000| Untracked 
|  26|0x0000000704200000, 0x0000000704200000, 0x0000000704300000|  0%| F|  |TAMS 0x0000000704200000, 0x0000000704200000| Untracked 
|  27|0x0000000704300000, 0x0000000704300000, 0x0000000704400000|  0%| F|  |TAMS 0x0000000704300000, 0x0000000704300000| Untracked 
|  28|0x0000000704400000, 0x0000000704400000, 0x0000000704500000|  0%| F|  |TAMS 0x0000000704400000, 0x0000000704400000| Untracked 
|  29|0x0000000704500000, 0x0000000704500000, 0x0000000704600000|  0%| F|  |TAMS 0x0000000704500000, 0x0000000704500000| Untracked 
|  30|0x0000000704600000, 0x0000000704600000, 0x0000000704700000|  0%| F|  |TAMS 0x0000000704600000, 0x0000000704600000| Untracked 
|  31|0x0000000704700000, 0x0000000704700000, 0x0000000704800000|  0%| F|  |TAMS 0x0000000704700000, 0x0000000704700000| Untracked 
|  32|0x0000000704800000, 0x0000000704800000, 0x0000000704900000|  0%| F|  |TAMS 0x0000000704800000, 0x0000000704800000| Untracked 
|  33|0x0000000704900000, 0x0000000704900000, 0x0000000704a00000|  0%| F|  |TAMS 0x0000000704900000, 0x0000000704900000| Untracked 
|  34|0x0000000704a00000, 0x0000000704a00000, 0x0000000704b00000|  0%| F|  |TAMS 0x0000000704a00000, 0x0000000704a00000| Untracked 
|  35|0x0000000704b00000, 0x0000000704b00000, 0x0000000704c00000|  0%| F|  |TAMS 0x0000000704b00000, 0x0000000704b00000| Untracked 
|  36|0x0000000704c00000, 0x0000000704c00000, 0x0000000704d00000|  0%| F|  |TAMS 0x0000000704c00000, 0x0000000704c00000| Untracked 
|  37|0x0000000704d00000, 0x0000000704d00000, 0x0000000704e00000|  0%| F|  |TAMS 0x0000000704d00000, 0x0000000704d00000| Untracked 
|  38|0x0000000704e00000, 0x0000000704e00000, 0x0000000704f00000|  0%| F|  |TAMS 0x0000000704e00000, 0x0000000704e00000| Untracked 
|  39|0x0000000704f00000, 0x0000000704f00000, 0x0000000705000000|  0%| F|  |TAMS 0x0000000704f00000, 0x0000000704f00000| Untracked 
|  40|0x0000000705000000, 0x0000000705000000, 0x0000000705100000|  0%| F|  |TAMS 0x0000000705000000, 0x0000000705000000| Untracked 
|  41|0x0000000705100000, 0x0000000705100000, 0x0000000705200000|  0%| F|  |TAMS 0x0000000705100000, 0x0000000705100000| Untracked 
|  42|0x0000000705200000, 0x0000000705200000, 0x0000000705300000|  0%| F|  |TAMS 0x0000000705200000, 0x0000000705200000| Untracked 
|  43|0x0000000705300000, 0x0000000705300000, 0x0000000705400000|  0%| F|  |TAMS 0x0000000705300000, 0x0000000705300000| Untracked 
|  44|0x0000000705400000, 0x0000000705400000, 0x0000000705500000|  0%| F|  |TAMS 0x0000000705400000, 0x0000000705400000| Untracked 
|  45|0x0000000705500000, 0x0000000705500000, 0x0000000705600000|  0%| F|  |TAMS 0x0000000705500000, 0x0000000705500000| Untracked 
|  46|0x0000000705600000, 0x0000000705600000, 0x0000000705700000|  0%| F|  |TAMS 0x0000000705600000, 0x0000000705600000| Untracked 
|  47|0x0000000705700000, 0x0000000705700000, 0x0000000705800000|  0%| F|  |TAMS 0x0000000705700000, 0x0000000705700000| Untracked 
|  48|0x0000000705800000, 0x0000000705800000, 0x0000000705900000|  0%| F|  |TAMS 0x0000000705800000, 0x0000000705800000| Untracked 
|  49|0x0000000705900000, 0x0000000705900000, 0x0000000705a00000|  0%| F|  |TAMS 0x0000000705900000, 0x0000000705900000| Untracked 
|  50|0x0000000705a00000, 0x0000000705a00000, 0x0000000705b00000|  0%| F|  |TAMS 0x0000000705a00000, 0x0000000705a00000| Untracked 
|  51|0x0000000705b00000, 0x0000000705b00000, 0x0000000705c00000|  0%| F|  |TAMS 0x0000000705b00000, 0x0000000705b00000| Untracked 
|  52|0x0000000705c00000, 0x0000000705c00000, 0x0000000705d00000|  0%| F|  |TAMS 0x0000000705c00000, 0x0000000705c00000| Untracked 
|  53|0x0000000705d00000, 0x0000000705d00000, 0x0000000705e00000|  0%| F|  |TAMS 0x0000000705d00000, 0x0000000705d00000| Untracked 
|  54|0x0000000705e00000, 0x0000000705e00000, 0x0000000705f00000|  0%| F|  |TAMS 0x0000000705e00000, 0x0000000705e00000| Untracked 
|  55|0x0000000705f00000, 0x0000000705f00000, 0x0000000706000000|  0%| F|  |TAMS 0x0000000705f00000, 0x0000000705f00000| Untracked 
|  56|0x0000000706000000, 0x0000000706000000, 0x0000000706100000|  0%| F|  |TAMS 0x0000000706000000, 0x0000000706000000| Untracked 
|  57|0x0000000706100000, 0x0000000706100000, 0x0000000706200000|  0%| F|  |TAMS 0x0000000706100000, 0x0000000706100000| Untracked 
|  58|0x0000000706200000, 0x0000000706200000, 0x0000000706300000|  0%| F|  |TAMS 0x0000000706200000, 0x0000000706200000| Untracked 
|  59|0x0000000706300000, 0x0000000706300000, 0x0000000706400000|  0%| F|  |TAMS 0x0000000706300000, 0x0000000706300000| Untracked 
|  60|0x0000000706400000, 0x0000000706400000, 0x0000000706500000|  0%| F|  |TAMS 0x0000000706400000, 0x0000000706400000| Untracked 
|  61|0x0000000706500000, 0x0000000706500000, 0x0000000706600000|  0%| F|  |TAMS 0x0000000706500000, 0x0000000706500000| Untracked 
|  62|0x0000000706600000, 0x0000000706600000, 0x0000000706700000|  0%| F|  |TAMS 0x0000000706600000, 0x0000000706600000| Untracked 
|  63|0x0000000706700000, 0x0000000706700000, 0x0000000706800000|  0%| F|  |TAMS 0x0000000706700000, 0x0000000706700000| Untracked 
|  64|0x0000000706800000, 0x0000000706800000, 0x0000000706900000|  0%| F|  |TAMS 0x0000000706800000, 0x0000000706800000| Untracked 
|  65|0x0000000706900000, 0x0000000706900000, 0x0000000706a00000|  0%| F|  |TAMS 0x0000000706900000, 0x0000000706900000| Untracked 
|  66|0x0000000706a00000, 0x0000000706a00000, 0x0000000706b00000|  0%| F|  |TAMS 0x0000000706a00000, 0x0000000706a00000| Untracked 
|  67|0x0000000706b00000, 0x0000000706b00000, 0x0000000706c00000|  0%| F|  |TAMS 0x0000000706b00000, 0x0000000706b00000| Untracked 
|  68|0x0000000706c00000, 0x0000000706c00000, 0x0000000706d00000|  0%| F|  |TAMS 0x0000000706c00000, 0x0000000706c00000| Untracked 
|  69|0x0000000706d00000, 0x0000000706d00000, 0x0000000706e00000|  0%| F|  |TAMS 0x0000000706d00000, 0x0000000706d00000| Untracked 
|  70|0x0000000706e00000, 0x0000000706e00000, 0x0000000706f00000|  0%| F|  |TAMS 0x0000000706e00000, 0x0000000706e00000| Untracked 
|  71|0x0000000706f00000, 0x0000000706f00000, 0x0000000707000000|  0%| F|  |TAMS 0x0000000706f00000, 0x0000000706f00000| Untracked 
|  72|0x0000000707000000, 0x0000000707000000, 0x0000000707100000|  0%| F|  |TAMS 0x0000000707000000, 0x0000000707000000| Untracked 
|  73|0x0000000707100000, 0x0000000707100000, 0x0000000707200000|  0%| F|  |TAMS 0x0000000707100000, 0x0000000707100000| Untracked 
|  74|0x0000000707200000, 0x0000000707200000, 0x0000000707300000|  0%| F|  |TAMS 0x0000000707200000, 0x0000000707200000| Untracked 
|  75|0x0000000707300000, 0x0000000707300000, 0x0000000707400000|  0%| F|  |TAMS 0x0000000707300000, 0x0000000707300000| Untracked 
|  76|0x0000000707400000, 0x0000000707400000, 0x0000000707500000|  0%| F|  |TAMS 0x0000000707400000, 0x0000000707400000| Untracked 
|  77|0x0000000707500000, 0x0000000707500000, 0x0000000707600000|  0%| F|  |TAMS 0x0000000707500000, 0x0000000707500000| Untracked 
|  78|0x0000000707600000, 0x0000000707600000, 0x0000000707700000|  0%| F|  |TAMS 0x0000000707600000, 0x0000000707600000| Untracked 
|  79|0x0000000707700000, 0x0000000707700000, 0x0000000707800000|  0%| F|  |TAMS 0x0000000707700000, 0x0000000707700000| Untracked 
|  80|0x0000000707800000, 0x0000000707800000, 0x0000000707900000|  0%| F|  |TAMS 0x0000000707800000, 0x0000000707800000| Untracked 
|  81|0x0000000707900000, 0x0000000707900000, 0x0000000707a00000|  0%| F|  |TAMS 0x0000000707900000, 0x0000000707900000| Untracked 
|  82|0x0000000707a00000, 0x0000000707a00000, 0x0000000707b00000|  0%| F|  |TAMS 0x0000000707a00000, 0x0000000707a00000| Untracked 
|  83|0x0000000707b00000, 0x0000000707b00000, 0x0000000707c00000|  0%| F|  |TAMS 0x0000000707b00000, 0x0000000707b00000| Untracked 
|  84|0x0000000707c00000, 0x0000000707c00000, 0x0000000707d00000|  0%| F|  |TAMS 0x0000000707c00000, 0x0000000707c00000| Untracked 
|  85|0x0000000707d00000, 0x0000000707d00000, 0x0000000707e00000|  0%| F|  |TAMS 0x0000000707d00000, 0x0000000707d00000| Untracked 
|  86|0x0000000707e00000, 0x0000000707e00000, 0x0000000707f00000|  0%| F|  |TAMS 0x0000000707e00000, 0x0000000707e00000| Untracked 
|  87|0x0000000707f00000, 0x0000000707f00000, 0x0000000708000000|  0%| F|  |TAMS 0x0000000707f00000, 0x0000000707f00000| Untracked 
|  88|0x0000000708000000, 0x0000000708000000, 0x0000000708100000|  0%| F|  |TAMS 0x0000000708000000, 0x0000000708000000| Untracked 
|  89|0x0000000708100000, 0x0000000708100000, 0x0000000708200000|  0%| F|  |TAMS 0x0000000708100000, 0x0000000708100000| Untracked 
|  90|0x0000000708200000, 0x0000000708200000, 0x0000000708300000|  0%| F|  |TAMS 0x0000000708200000, 0x0000000708200000| Untracked 
|  91|0x0000000708300000, 0x0000000708300000, 0x0000000708400000|  0%| F|  |TAMS 0x0000000708300000, 0x0000000708300000| Untracked 
|  92|0x0000000708400000, 0x00000007084fb8b0, 0x0000000708500000| 98%| S|CS|TAMS 0x0000000708400000, 0x0000000708400000| Complete 
|  93|0x0000000708500000, 0x0000000708600000, 0x0000000708600000|100%| S|CS|TAMS 0x0000000708500000, 0x0000000708500000| Complete 
|  94|0x0000000708600000, 0x0000000708700000, 0x0000000708700000|100%| S|CS|TAMS 0x0000000708600000, 0x0000000708600000| Complete 
|  95|0x0000000708700000, 0x0000000708800000, 0x0000000708800000|100%| S|CS|TAMS 0x0000000708700000, 0x0000000708700000| Complete 
|  96|0x0000000708800000, 0x0000000708900000, 0x0000000708900000|100%| S|CS|TAMS 0x0000000708800000, 0x0000000708800000| Complete 
|  97|0x0000000708900000, 0x0000000708a00000, 0x0000000708a00000|100%| S|CS|TAMS 0x0000000708900000, 0x0000000708900000| Complete 
|  98|0x0000000708a00000, 0x0000000708b00000, 0x0000000708b00000|100%| S|CS|TAMS 0x0000000708a00000, 0x0000000708a00000| Complete 
|  99|0x0000000708b00000, 0x0000000708c00000, 0x0000000708c00000|100%| S|CS|TAMS 0x0000000708b00000, 0x0000000708b00000| Complete 
| 100|0x0000000708c00000, 0x0000000708d00000, 0x0000000708d00000|100%| S|CS|TAMS 0x0000000708c00000, 0x0000000708c00000| Complete 
| 101|0x0000000708d00000, 0x0000000708e00000, 0x0000000708e00000|100%| S|CS|TAMS 0x0000000708d00000, 0x0000000708d00000| Complete 
| 102|0x0000000708e00000, 0x0000000708e00000, 0x0000000708f00000|  0%| F|  |TAMS 0x0000000708e00000, 0x0000000708e00000| Untracked 
| 103|0x0000000708f00000, 0x0000000708f00000, 0x0000000709000000|  0%| F|  |TAMS 0x0000000708f00000, 0x0000000708f00000| Untracked 
| 104|0x0000000709000000, 0x0000000709000000, 0x0000000709100000|  0%| F|  |TAMS 0x0000000709000000, 0x0000000709000000| Untracked 
| 105|0x0000000709100000, 0x0000000709100000, 0x0000000709200000|  0%| F|  |TAMS 0x0000000709100000, 0x0000000709100000| Untracked 
| 106|0x0000000709200000, 0x0000000709200000, 0x0000000709300000|  0%| F|  |TAMS 0x0000000709200000, 0x0000000709200000| Untracked 
| 107|0x0000000709300000, 0x0000000709300000, 0x0000000709400000|  0%| F|  |TAMS 0x0000000709300000, 0x0000000709300000| Untracked 
| 108|0x0000000709400000, 0x0000000709400000, 0x0000000709500000|  0%| F|  |TAMS 0x0000000709400000, 0x0000000709400000| Untracked 
| 109|0x0000000709500000, 0x0000000709500000, 0x0000000709600000|  0%| F|  |TAMS 0x0000000709500000, 0x0000000709500000| Untracked 
| 110|0x0000000709600000, 0x0000000709600000, 0x0000000709700000|  0%| F|  |TAMS 0x0000000709600000, 0x0000000709600000| Untracked 
| 111|0x0000000709700000, 0x0000000709700000, 0x0000000709800000|  0%| F|  |TAMS 0x0000000709700000, 0x0000000709700000| Untracked 
| 112|0x0000000709800000, 0x0000000709800000, 0x0000000709900000|  0%| F|  |TAMS 0x0000000709800000, 0x0000000709800000| Untracked 
| 113|0x0000000709900000, 0x0000000709900000, 0x0000000709a00000|  0%| F|  |TAMS 0x0000000709900000, 0x0000000709900000| Untracked 
| 114|0x0000000709a00000, 0x0000000709a00000, 0x0000000709b00000|  0%| F|  |TAMS 0x0000000709a00000, 0x0000000709a00000| Untracked 
| 115|0x0000000709b00000, 0x0000000709b00000, 0x0000000709c00000|  0%| F|  |TAMS 0x0000000709b00000, 0x0000000709b00000| Untracked 
| 116|0x0000000709c00000, 0x0000000709c00000, 0x0000000709d00000|  0%| F|  |TAMS 0x0000000709c00000, 0x0000000709c00000| Untracked 
| 117|0x0000000709d00000, 0x0000000709d00000, 0x0000000709e00000|  0%| F|  |TAMS 0x0000000709d00000, 0x0000000709d00000| Untracked 
| 118|0x0000000709e00000, 0x0000000709e00000, 0x0000000709f00000|  0%| F|  |TAMS 0x0000000709e00000, 0x0000000709e00000| Untracked 
| 119|0x0000000709f00000, 0x0000000709f00000, 0x000000070a000000|  0%| F|  |TAMS 0x0000000709f00000, 0x0000000709f00000| Untracked 
| 120|0x000000070a000000, 0x000000070a000000, 0x000000070a100000|  0%| F|  |TAMS 0x000000070a000000, 0x000000070a000000| Untracked 
| 121|0x000000070a100000, 0x000000070a100000, 0x000000070a200000|  0%| F|  |TAMS 0x000000070a100000, 0x000000070a100000| Untracked 
| 122|0x000000070a200000, 0x000000070a200000, 0x000000070a300000|  0%| F|  |TAMS 0x000000070a200000, 0x000000070a200000| Untracked 
| 123|0x000000070a300000, 0x000000070a300000, 0x000000070a400000|  0%| F|  |TAMS 0x000000070a300000, 0x000000070a300000| Untracked 
| 124|0x000000070a400000, 0x000000070a400000, 0x000000070a500000|  0%| F|  |TAMS 0x000000070a400000, 0x000000070a400000| Untracked 
| 125|0x000000070a500000, 0x000000070a500000, 0x000000070a600000|  0%| F|  |TAMS 0x000000070a500000, 0x000000070a500000| Untracked 
| 126|0x000000070a600000, 0x000000070a600000, 0x000000070a700000|  0%| F|  |TAMS 0x000000070a600000, 0x000000070a600000| Untracked 
| 127|0x000000070a700000, 0x000000070a700000, 0x000000070a800000|  0%| F|  |TAMS 0x000000070a700000, 0x000000070a700000| Untracked 
| 128|0x000000070a800000, 0x000000070a800000, 0x000000070a900000|  0%| F|  |TAMS 0x000000070a800000, 0x000000070a800000| Untracked 
| 129|0x000000070a900000, 0x000000070a900000, 0x000000070aa00000|  0%| F|  |TAMS 0x000000070a900000, 0x000000070a900000| Untracked 
| 130|0x000000070aa00000, 0x000000070aa00000, 0x000000070ab00000|  0%| F|  |TAMS 0x000000070aa00000, 0x000000070aa00000| Untracked 
| 131|0x000000070ab00000, 0x000000070ab00000, 0x000000070ac00000|  0%| F|  |TAMS 0x000000070ab00000, 0x000000070ab00000| Untracked 
| 132|0x000000070ac00000, 0x000000070ac00000, 0x000000070ad00000|  0%| F|  |TAMS 0x000000070ac00000, 0x000000070ac00000| Untracked 
| 133|0x000000070ad00000, 0x000000070ad00000, 0x000000070ae00000|  0%| F|  |TAMS 0x000000070ad00000, 0x000000070ad00000| Untracked 
| 134|0x000000070ae00000, 0x000000070ae00000, 0x000000070af00000|  0%| F|  |TAMS 0x000000070ae00000, 0x000000070ae00000| Untracked 
| 135|0x000000070af00000, 0x000000070af00000, 0x000000070b000000|  0%| F|  |TAMS 0x000000070af00000, 0x000000070af00000| Untracked 
| 136|0x000000070b000000, 0x000000070b000000, 0x000000070b100000|  0%| F|  |TAMS 0x000000070b000000, 0x000000070b000000| Untracked 
| 137|0x000000070b100000, 0x000000070b100000, 0x000000070b200000|  0%| F|  |TAMS 0x000000070b100000, 0x000000070b100000| Untracked 
| 138|0x000000070b200000, 0x000000070b200000, 0x000000070b300000|  0%| F|  |TAMS 0x000000070b200000, 0x000000070b200000| Untracked 
| 139|0x000000070b300000, 0x000000070b300000, 0x000000070b400000|  0%| F|  |TAMS 0x000000070b300000, 0x000000070b300000| Untracked 
| 140|0x000000070b400000, 0x000000070b400000, 0x000000070b500000|  0%| F|  |TAMS 0x000000070b400000, 0x000000070b400000| Untracked 
| 141|0x000000070b500000, 0x000000070b500000, 0x000000070b600000|  0%| F|  |TAMS 0x000000070b500000, 0x000000070b500000| Untracked 
| 142|0x000000070b600000, 0x000000070b600000, 0x000000070b700000|  0%| F|  |TAMS 0x000000070b600000, 0x000000070b600000| Untracked 
| 143|0x000000070b700000, 0x000000070b700000, 0x000000070b800000|  0%| F|  |TAMS 0x000000070b700000, 0x000000070b700000| Untracked 
| 144|0x000000070b800000, 0x000000070b800000, 0x000000070b900000|  0%| F|  |TAMS 0x000000070b800000, 0x000000070b800000| Untracked 
| 145|0x000000070b900000, 0x000000070b900000, 0x000000070ba00000|  0%| F|  |TAMS 0x000000070b900000, 0x000000070b900000| Untracked 
| 146|0x000000070ba00000, 0x000000070ba00000, 0x000000070bb00000|  0%| F|  |TAMS 0x000000070ba00000, 0x000000070ba00000| Untracked 
| 147|0x000000070bb00000, 0x000000070bb00000, 0x000000070bc00000|  0%| F|  |TAMS 0x000000070bb00000, 0x000000070bb00000| Untracked 
| 148|0x000000070bc00000, 0x000000070bc00000, 0x000000070bd00000|  0%| F|  |TAMS 0x000000070bc00000, 0x000000070bc00000| Untracked 
| 149|0x000000070bd00000, 0x000000070bd00000, 0x000000070be00000|  0%| F|  |TAMS 0x000000070bd00000, 0x000000070bd00000| Untracked 
| 150|0x000000070be00000, 0x000000070be00000, 0x000000070bf00000|  0%| F|  |TAMS 0x000000070be00000, 0x000000070be00000| Untracked 
| 151|0x000000070bf00000, 0x000000070bf00000, 0x000000070c000000|  0%| F|  |TAMS 0x000000070bf00000, 0x000000070bf00000| Untracked 
| 152|0x000000070c000000, 0x000000070c000000, 0x000000070c100000|  0%| F|  |TAMS 0x000000070c000000, 0x000000070c000000| Untracked 
| 153|0x000000070c100000, 0x000000070c100000, 0x000000070c200000|  0%| F|  |TAMS 0x000000070c100000, 0x000000070c100000| Untracked 
| 154|0x000000070c200000, 0x000000070c200000, 0x000000070c300000|  0%| F|  |TAMS 0x000000070c200000, 0x000000070c200000| Untracked 
| 155|0x000000070c300000, 0x000000070c300000, 0x000000070c400000|  0%| F|  |TAMS 0x000000070c300000, 0x000000070c300000| Untracked 
| 156|0x000000070c400000, 0x000000070c400000, 0x000000070c500000|  0%| F|  |TAMS 0x000000070c400000, 0x000000070c400000| Untracked 
| 157|0x000000070c500000, 0x000000070c500000, 0x000000070c600000|  0%| F|  |TAMS 0x000000070c500000, 0x000000070c500000| Untracked 
| 158|0x000000070c600000, 0x000000070c600000, 0x000000070c700000|  0%| F|  |TAMS 0x000000070c600000, 0x000000070c600000| Untracked 
| 159|0x000000070c700000, 0x000000070c700000, 0x000000070c800000|  0%| F|  |TAMS 0x000000070c700000, 0x000000070c700000| Untracked 
| 160|0x000000070c800000, 0x000000070c800000, 0x000000070c900000|  0%| F|  |TAMS 0x000000070c800000, 0x000000070c800000| Untracked 
| 161|0x000000070c900000, 0x000000070c900000, 0x000000070ca00000|  0%| F|  |TAMS 0x000000070c900000, 0x000000070c900000| Untracked 
| 162|0x000000070ca00000, 0x000000070ca00000, 0x000000070cb00000|  0%| F|  |TAMS 0x000000070ca00000, 0x000000070ca00000| Untracked 
| 163|0x000000070cb00000, 0x000000070cb00000, 0x000000070cc00000|  0%| F|  |TAMS 0x000000070cb00000, 0x000000070cb00000| Untracked 
| 164|0x000000070cc00000, 0x000000070cc00000, 0x000000070cd00000|  0%| F|  |TAMS 0x000000070cc00000, 0x000000070cc00000| Untracked 
| 165|0x000000070cd00000, 0x000000070cd00000, 0x000000070ce00000|  0%| F|  |TAMS 0x000000070cd00000, 0x000000070cd00000| Untracked 
| 166|0x000000070ce00000, 0x000000070ce00000, 0x000000070cf00000|  0%| F|  |TAMS 0x000000070ce00000, 0x000000070ce00000| Untracked 
| 167|0x000000070cf00000, 0x000000070cf00000, 0x000000070d000000|  0%| F|  |TAMS 0x000000070cf00000, 0x000000070cf00000| Untracked 
| 168|0x000000070d000000, 0x000000070d000000, 0x000000070d100000|  0%| F|  |TAMS 0x000000070d000000, 0x000000070d000000| Untracked 
| 169|0x000000070d100000, 0x000000070d100000, 0x000000070d200000|  0%| F|  |TAMS 0x000000070d100000, 0x000000070d100000| Untracked 
| 170|0x000000070d200000, 0x000000070d200000, 0x000000070d300000|  0%| F|  |TAMS 0x000000070d200000, 0x000000070d200000| Untracked 
| 171|0x000000070d300000, 0x000000070d300000, 0x000000070d400000|  0%| F|  |TAMS 0x000000070d300000, 0x000000070d300000| Untracked 
| 172|0x000000070d400000, 0x000000070d400000, 0x000000070d500000|  0%| F|  |TAMS 0x000000070d400000, 0x000000070d400000| Untracked 
| 173|0x000000070d500000, 0x000000070d500000, 0x000000070d600000|  0%| F|  |TAMS 0x000000070d500000, 0x000000070d500000| Untracked 
| 174|0x000000070d600000, 0x000000070d600000, 0x000000070d700000|  0%| F|  |TAMS 0x000000070d600000, 0x000000070d600000| Untracked 
| 175|0x000000070d700000, 0x000000070d700000, 0x000000070d800000|  0%| F|  |TAMS 0x000000070d700000, 0x000000070d700000| Untracked 
| 176|0x000000070d800000, 0x000000070d800000, 0x000000070d900000|  0%| F|  |TAMS 0x000000070d800000, 0x000000070d800000| Untracked 
| 177|0x000000070d900000, 0x000000070d900000, 0x000000070da00000|  0%| F|  |TAMS 0x000000070d900000, 0x000000070d900000| Untracked 
| 178|0x000000070da00000, 0x000000070da00000, 0x000000070db00000|  0%| F|  |TAMS 0x000000070da00000, 0x000000070da00000| Untracked 
| 179|0x000000070db00000, 0x000000070db00000, 0x000000070dc00000|  0%| F|  |TAMS 0x000000070db00000, 0x000000070db00000| Untracked 
| 180|0x000000070dc00000, 0x000000070dc00000, 0x000000070dd00000|  0%| F|  |TAMS 0x000000070dc00000, 0x000000070dc00000| Untracked 
| 181|0x000000070dd00000, 0x000000070dd00000, 0x000000070de00000|  0%| F|  |TAMS 0x000000070dd00000, 0x000000070dd00000| Untracked 
| 182|0x000000070de00000, 0x000000070de00000, 0x000000070df00000|  0%| F|  |TAMS 0x000000070de00000, 0x000000070de00000| Untracked 
| 183|0x000000070df00000, 0x000000070df00000, 0x000000070e000000|  0%| F|  |TAMS 0x000000070df00000, 0x000000070df00000| Untracked 
| 184|0x000000070e000000, 0x000000070e000000, 0x000000070e100000|  0%| F|  |TAMS 0x000000070e000000, 0x000000070e000000| Untracked 
| 185|0x000000070e100000, 0x000000070e100000, 0x000000070e200000|  0%| F|  |TAMS 0x000000070e100000, 0x000000070e100000| Untracked 
| 186|0x000000070e200000, 0x000000070e200000, 0x000000070e300000|  0%| F|  |TAMS 0x000000070e200000, 0x000000070e200000| Untracked 
| 187|0x000000070e300000, 0x000000070e300000, 0x000000070e400000|  0%| F|  |TAMS 0x000000070e300000, 0x000000070e300000| Untracked 
| 188|0x000000070e400000, 0x000000070e400000, 0x000000070e500000|  0%| F|  |TAMS 0x000000070e400000, 0x000000070e400000| Untracked 
| 189|0x000000070e500000, 0x000000070e500000, 0x000000070e600000|  0%| F|  |TAMS 0x000000070e500000, 0x000000070e500000| Untracked 
| 190|0x000000070e600000, 0x000000070e600000, 0x000000070e700000|  0%| F|  |TAMS 0x000000070e600000, 0x000000070e600000| Untracked 
| 191|0x000000070e700000, 0x000000070e700000, 0x000000070e800000|  0%| F|  |TAMS 0x000000070e700000, 0x000000070e700000| Untracked 
| 192|0x000000070e800000, 0x000000070e800000, 0x000000070e900000|  0%| F|  |TAMS 0x000000070e800000, 0x000000070e800000| Untracked 
| 193|0x000000070e900000, 0x000000070e900000, 0x000000070ea00000|  0%| F|  |TAMS 0x000000070e900000, 0x000000070e900000| Untracked 
| 194|0x000000070ea00000, 0x000000070ea00000, 0x000000070eb00000|  0%| F|  |TAMS 0x000000070ea00000, 0x000000070ea00000| Untracked 
| 195|0x000000070eb00000, 0x000000070eb00000, 0x000000070ec00000|  0%| F|  |TAMS 0x000000070eb00000, 0x000000070eb00000| Untracked 
| 196|0x000000070ec00000, 0x000000070ec00000, 0x000000070ed00000|  0%| F|  |TAMS 0x000000070ec00000, 0x000000070ec00000| Untracked 
| 197|0x000000070ed00000, 0x000000070ed00000, 0x000000070ee00000|  0%| F|  |TAMS 0x000000070ed00000, 0x000000070ed00000| Untracked 
| 198|0x000000070ee00000, 0x000000070ee00000, 0x000000070ef00000|  0%| F|  |TAMS 0x000000070ee00000, 0x000000070ee00000| Untracked 
| 199|0x000000070ef00000, 0x000000070ef00000, 0x000000070f000000|  0%| F|  |TAMS 0x000000070ef00000, 0x000000070ef00000| Untracked 
| 200|0x000000070f000000, 0x000000070f000000, 0x000000070f100000|  0%| F|  |TAMS 0x000000070f000000, 0x000000070f000000| Untracked 
| 201|0x000000070f100000, 0x000000070f100000, 0x000000070f200000|  0%| F|  |TAMS 0x000000070f100000, 0x000000070f100000| Untracked 
| 202|0x000000070f200000, 0x000000070f200000, 0x000000070f300000|  0%| F|  |TAMS 0x000000070f200000, 0x000000070f200000| Untracked 
| 203|0x000000070f300000, 0x000000070f300000, 0x000000070f400000|  0%| F|  |TAMS 0x000000070f300000, 0x000000070f300000| Untracked 
| 204|0x000000070f400000, 0x000000070f400000, 0x000000070f500000|  0%| F|  |TAMS 0x000000070f400000, 0x000000070f400000| Untracked 
| 205|0x000000070f500000, 0x000000070f500000, 0x000000070f600000|  0%| F|  |TAMS 0x000000070f500000, 0x000000070f500000| Untracked 
| 206|0x000000070f600000, 0x000000070f600000, 0x000000070f700000|  0%| F|  |TAMS 0x000000070f600000, 0x000000070f600000| Untracked 
| 207|0x000000070f700000, 0x000000070f700000, 0x000000070f800000|  0%| F|  |TAMS 0x000000070f700000, 0x000000070f700000| Untracked 
| 208|0x000000070f800000, 0x000000070f800000, 0x000000070f900000|  0%| F|  |TAMS 0x000000070f800000, 0x000000070f800000| Untracked 
| 209|0x000000070f900000, 0x000000070f900000, 0x000000070fa00000|  0%| F|  |TAMS 0x000000070f900000, 0x000000070f900000| Untracked 
| 210|0x000000070fa00000, 0x000000070fa80800, 0x000000070fb00000| 50%| E|  |TAMS 0x000000070fa00000, 0x000000070fa00000| Complete 
| 211|0x000000070fb00000, 0x000000070fc00000, 0x000000070fc00000|100%| E|CS|TAMS 0x000000070fb00000, 0x000000070fb00000| Complete 
| 212|0x000000070fc00000, 0x000000070fd00000, 0x000000070fd00000|100%| E|CS|TAMS 0x000000070fc00000, 0x000000070fc00000| Complete 
| 213|0x000000070fd00000, 0x000000070fe00000, 0x000000070fe00000|100%| E|CS|TAMS 0x000000070fd00000, 0x000000070fd00000| Complete 
| 214|0x000000070fe00000, 0x000000070ff00000, 0x000000070ff00000|100%| E|CS|TAMS 0x000000070fe00000, 0x000000070fe00000| Complete 
| 215|0x000000070ff00000, 0x0000000710000000, 0x0000000710000000|100%| E|CS|TAMS 0x000000070ff00000, 0x000000070ff00000| Complete 
| 216|0x0000000710000000, 0x0000000710100000, 0x0000000710100000|100%| E|CS|TAMS 0x0000000710000000, 0x0000000710000000| Complete 
| 217|0x0000000710100000, 0x0000000710200000, 0x0000000710200000|100%| E|CS|TAMS 0x0000000710100000, 0x0000000710100000| Complete 
| 218|0x0000000710200000, 0x0000000710300000, 0x0000000710300000|100%| E|CS|TAMS 0x0000000710200000, 0x0000000710200000| Complete 
| 219|0x0000000710300000, 0x0000000710400000, 0x0000000710400000|100%| E|CS|TAMS 0x0000000710300000, 0x0000000710300000| Complete 
| 220|0x0000000710400000, 0x0000000710500000, 0x0000000710500000|100%| E|CS|TAMS 0x0000000710400000, 0x0000000710400000| Complete 
| 221|0x0000000710500000, 0x0000000710600000, 0x0000000710600000|100%| E|CS|TAMS 0x0000000710500000, 0x0000000710500000| Complete 
| 222|0x0000000710600000, 0x0000000710700000, 0x0000000710700000|100%| E|CS|TAMS 0x0000000710600000, 0x0000000710600000| Complete 
| 223|0x0000000710700000, 0x0000000710800000, 0x0000000710800000|100%| E|CS|TAMS 0x0000000710700000, 0x0000000710700000| Complete 
| 224|0x0000000710800000, 0x0000000710900000, 0x0000000710900000|100%| E|CS|TAMS 0x0000000710800000, 0x0000000710800000| Complete 
| 225|0x0000000710900000, 0x0000000710a00000, 0x0000000710a00000|100%| E|CS|TAMS 0x0000000710900000, 0x0000000710900000| Complete 
| 226|0x0000000710a00000, 0x0000000710b00000, 0x0000000710b00000|100%| E|CS|TAMS 0x0000000710a00000, 0x0000000710a00000| Complete 
| 227|0x0000000710b00000, 0x0000000710c00000, 0x0000000710c00000|100%| E|CS|TAMS 0x0000000710b00000, 0x0000000710b00000| Complete 
| 228|0x0000000710c00000, 0x0000000710d00000, 0x0000000710d00000|100%| E|CS|TAMS 0x0000000710c00000, 0x0000000710c00000| Complete 
| 229|0x0000000710d00000, 0x0000000710e00000, 0x0000000710e00000|100%| E|CS|TAMS 0x0000000710d00000, 0x0000000710d00000| Complete 
| 230|0x0000000710e00000, 0x0000000710f00000, 0x0000000710f00000|100%| E|CS|TAMS 0x0000000710e00000, 0x0000000710e00000| Complete 
| 231|0x0000000710f00000, 0x0000000711000000, 0x0000000711000000|100%| E|CS|TAMS 0x0000000710f00000, 0x0000000710f00000| Complete 
| 232|0x0000000711000000, 0x0000000711100000, 0x0000000711100000|100%| E|CS|TAMS 0x0000000711000000, 0x0000000711000000| Complete 
| 233|0x0000000711100000, 0x0000000711200000, 0x0000000711200000|100%| E|CS|TAMS 0x0000000711100000, 0x0000000711100000| Complete 
| 234|0x0000000711200000, 0x0000000711300000, 0x0000000711300000|100%| E|CS|TAMS 0x0000000711200000, 0x0000000711200000| Complete 
| 235|0x0000000711300000, 0x0000000711400000, 0x0000000711400000|100%| E|CS|TAMS 0x0000000711300000, 0x0000000711300000| Complete 
| 236|0x0000000711400000, 0x0000000711500000, 0x0000000711500000|100%| E|CS|TAMS 0x0000000711400000, 0x0000000711400000| Complete 
| 237|0x0000000711500000, 0x0000000711600000, 0x0000000711600000|100%| E|CS|TAMS 0x0000000711500000, 0x0000000711500000| Complete 
| 238|0x0000000711600000, 0x0000000711700000, 0x0000000711700000|100%| E|CS|TAMS 0x0000000711600000, 0x0000000711600000| Complete 
| 239|0x0000000711700000, 0x0000000711800000, 0x0000000711800000|100%| E|CS|TAMS 0x0000000711700000, 0x0000000711700000| Complete 
| 240|0x0000000711800000, 0x0000000711900000, 0x0000000711900000|100%| E|CS|TAMS 0x0000000711800000, 0x0000000711800000| Complete 
| 241|0x0000000711900000, 0x0000000711a00000, 0x0000000711a00000|100%| E|CS|TAMS 0x0000000711900000, 0x0000000711900000| Complete 
| 242|0x0000000711a00000, 0x0000000711b00000, 0x0000000711b00000|100%| E|CS|TAMS 0x0000000711a00000, 0x0000000711a00000| Complete 
| 243|0x0000000711b00000, 0x0000000711c00000, 0x0000000711c00000|100%| E|CS|TAMS 0x0000000711b00000, 0x0000000711b00000| Complete 
| 244|0x0000000711c00000, 0x0000000711d00000, 0x0000000711d00000|100%| E|CS|TAMS 0x0000000711c00000, 0x0000000711c00000| Complete 
| 245|0x0000000711d00000, 0x0000000711e00000, 0x0000000711e00000|100%| E|CS|TAMS 0x0000000711d00000, 0x0000000711d00000| Complete 
| 246|0x0000000711e00000, 0x0000000711f00000, 0x0000000711f00000|100%| E|CS|TAMS 0x0000000711e00000, 0x0000000711e00000| Complete 
| 247|0x0000000711f00000, 0x0000000712000000, 0x0000000712000000|100%| E|CS|TAMS 0x0000000711f00000, 0x0000000711f00000| Complete 
| 248|0x0000000712000000, 0x0000000712100000, 0x0000000712100000|100%| E|CS|TAMS 0x0000000712000000, 0x0000000712000000| Complete 
| 249|0x0000000712100000, 0x0000000712200000, 0x0000000712200000|100%| E|CS|TAMS 0x0000000712100000, 0x0000000712100000| Complete 
| 250|0x0000000712200000, 0x0000000712300000, 0x0000000712300000|100%| E|CS|TAMS 0x0000000712200000, 0x0000000712200000| Complete 
| 251|0x0000000712300000, 0x0000000712400000, 0x0000000712400000|100%| E|CS|TAMS 0x0000000712300000, 0x0000000712300000| Complete 
| 252|0x0000000712400000, 0x0000000712500000, 0x0000000712500000|100%| E|CS|TAMS 0x0000000712400000, 0x0000000712400000| Complete 
| 253|0x0000000712500000, 0x0000000712600000, 0x0000000712600000|100%| E|CS|TAMS 0x0000000712500000, 0x0000000712500000| Complete 

Card table byte_map: [0x000002cb25140000,0x000002cb25930000] _byte_map_base: 0x000002cb2192c000

Marking Bits (Prev, Next): (CMBitMap*) 0x000002cb0d0f8428, (CMBitMap*) 0x000002cb0d0f8468
 Prev Bits: [0x000002cb26120000, 0x000002cb2a080000)
 Next Bits: [0x000002cb2a080000, 0x000002cb2dfe0000)

Polling page: 0x000002cb0b240000

Metaspace:

Usage:
  Non-class:     16.25 MB capacity,    15.28 MB ( 94%) used,   963.66 KB (  6%) free+waste,    23.69 KB ( <1%) overhead. 
      Class:      2.14 MB capacity,     1.90 MB ( 89%) used,   236.19 KB ( 11%) free+waste,    10.38 KB ( <1%) overhead. 
       Both:     18.39 MB capacity,    17.18 MB ( 93%) used,     1.17 MB (  6%) free+waste,    34.06 KB ( <1%) overhead. 

Virtual space:
  Non-class space:       18.00 MB reserved,      16.25 MB ( 90%) committed 
      Class space:        1.00 GB reserved,       2.25 MB ( <1%) committed 
             Both:        1.02 GB reserved,      18.50 MB (  2%) committed 

Chunk freelists:
   Non-Class:  1.00 KB
       Class:  17.00 KB
        Both:  18.00 KB

MaxMetaspaceSize: 17179869184.00 GB
CompressedClassSpaceSize: 1.00 GB

CodeHeap 'non-profiled nmethods': size=120000Kb used=2744Kb max_used=2744Kb free=117255Kb
 bounds [0x000002cb1d310000, 0x000002cb1d5c0000, 0x000002cb24840000]
CodeHeap 'profiled nmethods': size=120000Kb used=10724Kb max_used=10724Kb free=109275Kb
 bounds [0x000002cb15de0000, 0x000002cb16860000, 0x000002cb1d310000]
CodeHeap 'non-nmethods': size=5760Kb used=1215Kb max_used=1264Kb free=4544Kb
 bounds [0x000002cb15840000, 0x000002cb15ab0000, 0x000002cb15de0000]
 total_blobs=4870 nmethods=4393 adapters=389
 compilation: enabled
              stopped_count=0, restarted_count=0
 full_count=0

Compilation events (20 events):
Event: 5.650 Thread 0x000002cb311d9000 4381       3       org.apache.maven.model.merge.ModelMerger::mergeParent_GroupId (41 bytes)
Event: 5.651 Thread 0x000002cb311d9000 nmethod 4381 0x000002cb1683ac90 code [0x000002cb1683ae60, 0x000002cb1683b1d8]
Event: 5.651 Thread 0x000002cb311d9000 4382       3       org.apache.maven.model.merge.ModelMerger::mergeParent_ArtifactId (41 bytes)
Event: 5.651 Thread 0x000002cb311d9000 nmethod 4382 0x000002cb1683b310 code [0x000002cb1683b4e0, 0x000002cb1683b858]
Event: 5.651 Thread 0x000002cb311d9000 4383   !   3       org.apache.maven.model.building.DefaultModelBuilder::importDependencyManagement (1092 bytes)
Event: 5.659 Thread 0x000002cb311d9000 nmethod 4383 0x000002cb1683b990 code [0x000002cb1683ca80, 0x000002cb168478f8]
Event: 5.664 Thread 0x000002cb311d9000 4384   !   3       org.apache.maven.model.Resource::clone (51 bytes)
Event: 5.665 Thread 0x000002cb311d9000 nmethod 4384 0x000002cb1684b610 code [0x000002cb1684b8a0, 0x000002cb1684c448]
Event: 5.667 Thread 0x000002cb311d9000 4385       3       org.apache.maven.model.io.xpp3.MavenXpp3Reader::read (153 bytes)
Event: 5.668 Thread 0x000002cb311d9000 nmethod 4385 0x000002cb1684c890 code [0x000002cb1684cbc0, 0x000002cb1684dd58]
Event: 5.669 Thread 0x000002cb311d9000 4386       3       org.apache.maven.model.interpolation.StringVisitorModelInterpolator$ModelVisitor::visit (84 bytes)
Event: 5.669 Thread 0x000002cb311d9000 nmethod 4386 0x000002cb1684e410 code [0x000002cb1684e6a0, 0x000002cb1684f948]
Event: 5.669 Thread 0x000002cb311d9000 4387       3       org.eclipse.aether.util.graph.selector.ExclusionDependencySelector::matches (78 bytes)
Event: 5.670 Thread 0x000002cb311d9000 nmethod 4387 0x000002cb1684fe10 code [0x000002cb168500c0, 0x000002cb16850d18]
Event: 5.712 Thread 0x000002cb311d9000 4388       3       org.eclipse.aether.resolution.VersionRangeResult::setRepository (41 bytes)
Event: 5.712 Thread 0x000002cb311d9000 nmethod 4388 0x000002cb16851090 code [0x000002cb16851260, 0x000002cb168517f8]
Event: 5.712 Thread 0x000002cb311d9000 4389       3       org.eclipse.aether.graph.Dependency::equals (94 bytes)
Event: 5.713 Thread 0x000002cb311d9000 nmethod 4389 0x000002cb16851a10 code [0x000002cb16851c60, 0x000002cb16852af8]
Event: 5.754 Thread 0x000002cb311d9000 4390       3       org.apache.maven.model.interpolation.StringVisitorModelInterpolator$ModelVisitor::visit (89 bytes)
Event: 5.754 Thread 0x000002cb311d9000 nmethod 4390 0x000002cb16852d90 code [0x000002cb16852fc0, 0x000002cb16853898]

GC Heap History (6 events):
Event: 0.582 GC heap before
{Heap before GC invocations=0 (full 0):
 garbage-first heap   total 260096K, used 20480K [0x0000000702800000, 0x0000000800000000)
  region size 1024K, 21 young (21504K), 0 survivors (0K)
 Metaspace       used 5522K, capacity 7759K, committed 7808K, reserved 1056768K
  class space    used 647K, capacity 868K, committed 896K, reserved 1048576K
}
Event: 0.590 GC heap after
{Heap after GC invocations=1 (full 0):
 garbage-first heap   total 260096K, used 3770K [0x0000000702800000, 0x0000000800000000)
  region size 1024K, 3 young (3072K), 3 survivors (3072K)
 Metaspace       used 5522K, capacity 7759K, committed 7808K, reserved 1056768K
  class space    used 647K, capacity 868K, committed 896K, reserved 1048576K
}
Event: 0.911 GC heap before
{Heap before GC invocations=1 (full 0):
 garbage-first heap   total 260096K, used 30394K [0x0000000702800000, 0x0000000800000000)
  region size 1024K, 29 young (29696K), 3 survivors (3072K)
 Metaspace       used 8396K, capacity 10374K, committed 10496K, reserved 1058816K
  class space    used 996K, capacity 1267K, committed 1280K, reserved 1048576K
}
Event: 0.913 GC heap after
{Heap after GC invocations=2 (full 0):
 garbage-first heap   total 260096K, used 4847K [0x0000000702800000, 0x0000000800000000)
  region size 1024K, 2 young (2048K), 2 survivors (2048K)
 Metaspace       used 8396K, capacity 10374K, committed 10496K, reserved 1058816K
  class space    used 996K, capacity 1267K, committed 1280K, reserved 1048576K
}
Event: 4.223 GC heap before
{Heap before GC invocations=2 (full 0):
 garbage-first heap   total 260096K, used 158447K [0x0000000702800000, 0x0000000800000000)
  region size 1024K, 152 young (155648K), 2 survivors (2048K)
 Metaspace       used 16501K, capacity 17720K, committed 18048K, reserved 1064960K
  class space    used 1836K, capacity 2077K, committed 2176K, reserved 1048576K
}
Event: 4.229 GC heap after
{Heap after GC invocations=3 (full 0):
 garbage-first heap   total 260096K, used 13872K [0x0000000702800000, 0x0000000800000000)
  region size 1024K, 10 young (10240K), 10 survivors (10240K)
 Metaspace       used 16501K, capacity 17720K, committed 18048K, reserved 1064960K
  class space    used 1836K, capacity 2077K, committed 2176K, reserved 1048576K
}

Deoptimization events (20 events):
Event: 4.931 Thread 0x000002cb0d08e000 Uncommon trap: trap_request=0xffffffde fr.pc=0x000002cb1d3cdd94 relative=0x0000000000000534
Event: 4.931 Thread 0x000002cb0d08e000 Uncommon trap: reason=class_check action=maybe_recompile pc=0x000002cb1d3cdd94 method=com.google.inject.internal.MoreTypes.getRawType(Ljava/lang/reflect/Type;)Ljava/lang/Class; @ 13 c2
Event: 4.931 Thread 0x000002cb0d08e000 DEOPT PACKING pc=0x000002cb1d3cdd94 sp=0x000000f012bfdd70
Event: 4.931 Thread 0x000002cb0d08e000 DEOPT UNPACKING pc=0x000002cb1588912f sp=0x000000f012bfdcb8 mode 2
Event: 4.933 Thread 0x000002cb0d08e000 Uncommon trap: trap_request=0xffffffde fr.pc=0x000002cb1d556e78 relative=0x00000000000002d8
Event: 4.933 Thread 0x000002cb0d08e000 Uncommon trap: reason=class_check action=maybe_recompile pc=0x000002cb1d556e78 method=org.eclipse.sisu.wire.EntryListAdapter$ValueIterator.next()Ljava/lang/Object; @ 4 c2
Event: 4.933 Thread 0x000002cb0d08e000 DEOPT PACKING pc=0x000002cb1d556e78 sp=0x000000f012bfe0e0
Event: 4.933 Thread 0x000002cb0d08e000 DEOPT UNPACKING pc=0x000002cb1588912f sp=0x000000f012bfe0b0 mode 2
Event: 4.934 Thread 0x000002cb0d08e000 Uncommon trap: trap_request=0xffffffde fr.pc=0x000002cb1d556e78 relative=0x00000000000002d8
Event: 4.934 Thread 0x000002cb0d08e000 Uncommon trap: reason=class_check action=maybe_recompile pc=0x000002cb1d556e78 method=org.eclipse.sisu.wire.EntryListAdapter$ValueIterator.next()Ljava/lang/Object; @ 4 c2
Event: 4.934 Thread 0x000002cb0d08e000 DEOPT PACKING pc=0x000002cb1d556e78 sp=0x000000f012bfe0e0
Event: 4.934 Thread 0x000002cb0d08e000 DEOPT UNPACKING pc=0x000002cb1588912f sp=0x000000f012bfe0b0 mode 2
Event: 5.502 Thread 0x000002cb0d08e000 Uncommon trap: trap_request=0xffffffde fr.pc=0x000002cb1d556e78 relative=0x00000000000002d8
Event: 5.502 Thread 0x000002cb0d08e000 Uncommon trap: reason=class_check action=maybe_recompile pc=0x000002cb1d556e78 method=org.eclipse.sisu.wire.EntryListAdapter$ValueIterator.next()Ljava/lang/Object; @ 4 c2
Event: 5.502 Thread 0x000002cb0d08e000 DEOPT PACKING pc=0x000002cb1d556e78 sp=0x000000f012bfe0e0
Event: 5.502 Thread 0x000002cb0d08e000 DEOPT UNPACKING pc=0x000002cb1588912f sp=0x000000f012bfe0b0 mode 2
Event: 5.519 Thread 0x000002cb0d08e000 Uncommon trap: trap_request=0xffffffde fr.pc=0x000002cb1d556e78 relative=0x00000000000002d8
Event: 5.519 Thread 0x000002cb0d08e000 Uncommon trap: reason=class_check action=maybe_recompile pc=0x000002cb1d556e78 method=org.eclipse.sisu.wire.EntryListAdapter$ValueIterator.next()Ljava/lang/Object; @ 4 c2
Event: 5.519 Thread 0x000002cb0d08e000 DEOPT PACKING pc=0x000002cb1d556e78 sp=0x000000f012bfe0e0
Event: 5.519 Thread 0x000002cb0d08e000 DEOPT UNPACKING pc=0x000002cb1588912f sp=0x000000f012bfe0b0 mode 2

Classes unloaded (0 events):
No events

Classes redefined (0 events):
No events

Internal exceptions (14 events):
Event: 0.145 Thread 0x000002cb0d08e000 Exception <a 'java/lang/NoSuchMethodError'{0x000000071228fc80}: 'int java.lang.invoke.DirectMethodHandle$Holder.invokeSpecialIFC(java.lang.Object, java.lang.Object, int)'> (0x000000071228fc80) 
thrown [./open/src/hotspot/share/interpreter/linkResolver.cpp, line 766]
Event: 0.190 Thread 0x000002cb0d08e000 Exception <a 'java/lang/NoSuchMethodError'{0x00000007121ac638}: 'java.lang.Object java.lang.invoke.DirectMethodHandle$Holder.invokeStaticInit(java.lang.Object, int, int, int, int)'> (0x00000007121ac638) 
thrown [./open/src/hotspot/share/interpreter/linkResolver.cpp, line 766]
Event: 0.253 Thread 0x000002cb0d08e000 Exception <a 'java/lang/NoSuchMethodError'{0x00000007120983b8}: 'java.lang.Object java.lang.invoke.DirectMethodHandle$Holder.invokeStaticInit(java.lang.Object, java.lang.Object, int, int, int, int)'> (0x00000007120983b8) 
thrown [./open/src/hotspot/share/interpreter/linkResolver.cpp, line 766]
Event: 1.113 Thread 0x000002cb0d08e000 Exception <a 'java/lang/NoClassDefFoundError'{0x00000007117c4c78}: com/google/inject/servlet/ServletModuleTargetVisitor> (0x00000007117c4c78) 
thrown [./open/src/hotspot/share/classfile/systemDictionary.cpp, line 215]
Event: 1.113 Thread 0x000002cb0d08e000 Exception <a 'java/lang/NoClassDefFoundError'{0x00000007117c7890}: javax/annotation/Priority> (0x00000007117c7890) 
thrown [./open/src/hotspot/share/classfile/systemDictionary.cpp, line 215]
Event: 2.445 Thread 0x000002cb0d08e000 Implicit null exception at 0x000002cb1d48eeb0 to 0x000002cb1d48f210
Event: 2.904 Thread 0x000002cb0d08e000 Exception <a 'java/lang/NoClassDefFoundError'{0x000000070c165500}: org/sonatype/aether/graph/Dependency> (0x000000070c165500) 
thrown [./open/src/hotspot/share/classfile/systemDictionary.cpp, line 215]
Event: 2.991 Thread 0x000002cb0d08e000 Implicit null exception at 0x000002cb1d4bb6ed to 0x000002cb1d4bc394
Event: 3.141 Thread 0x000002cb0d08e000 Implicit null exception at 0x000002cb1d3bfea4 to 0x000002cb1d3c011c
Event: 4.089 Thread 0x000002cb0d08e000 Implicit null exception at 0x000002cb1d4d8ed1 to 0x000002cb1d4dd2ec
Event: 4.089 Thread 0x000002cb0d08e000 Implicit null exception at 0x000002cb1d3b6405 to 0x000002cb1d3b6624
Event: 4.089 Thread 0x000002cb0d08e000 Implicit null exception at 0x000002cb1d4d08ce to 0x000002cb1d4d4c74
Event: 4.089 Thread 0x000002cb0d08e000 Implicit null exception at 0x000002cb1d4d805c to 0x000002cb1d4d80c0
Event: 4.089 Thread 0x000002cb0d08e000 Implicit null exception at 0x000002cb1d39f52f to 0x000002cb1d39f5ad

Events (20 events):
Event: 4.230 Executing VM operation: BulkRevokeBias
Event: 4.230 Executing VM operation: BulkRevokeBias done
Event: 4.230 Executing VM operation: BulkRevokeBias
Event: 4.230 Executing VM operation: BulkRevokeBias done
Event: 4.906 loading class java/util/regex/PatternSyntaxException
Event: 4.906 loading class java/util/regex/PatternSyntaxException done
Event: 4.908 Thread 0x000002cb33c87000 Thread added: 0x000002cb33c87000
Event: 4.910 loading class java/net/ServerSocket
Event: 4.910 loading class java/net/ServerSocket done
Event: 4.911 loading class java/net/UnknownHostException
Event: 4.911 loading class java/net/UnknownHostException done
Event: 4.928 Executing VM operation: HandshakeAllThreads
Event: 4.928 Executing VM operation: HandshakeAllThreads done
Event: 4.970 Executing VM operation: ICBufferFull
Event: 4.970 Executing VM operation: ICBufferFull done
Event: 5.226 Thread 0x000002cb33c87000 Thread exited: 0x000002cb33c87000
Event: 5.493 loading class jdk/internal/reflect/UnsafeBooleanFieldAccessorImpl
Event: 5.493 loading class jdk/internal/reflect/UnsafeBooleanFieldAccessorImpl done
Event: 5.501 Executing VM operation: HandshakeAllThreads
Event: 5.501 Executing VM operation: HandshakeAllThreads done


Dynamic libraries:
0x00007ff739760000 - 0x00007ff73976f000 	F:\Program Files\Java\jdk-14.0.2\bin\java.exe
0x00007ff8bf6f0000 - 0x00007ff8bf8e5000 	C:\WINDOWS\SYSTEM32\ntdll.dll
0x00007ff8be270000 - 0x00007ff8be32d000 	C:\WINDOWS\System32\KERNEL32.DLL
0x00007ff8bd160000 - 0x00007ff8bd429000 	C:\WINDOWS\System32\KERNELBASE.dll
0x00007ff8bd430000 - 0x00007ff8bd530000 	C:\WINDOWS\System32\ucrtbase.dll
0x00007ff8b5000000 - 0x00007ff8b5015000 	F:\Program Files\Java\jdk-14.0.2\bin\VCRUNTIME140.dll
0x00007ff8b3bc0000 - 0x00007ff8b3bd8000 	F:\Program Files\Java\jdk-14.0.2\bin\jli.dll
0x00007ff8bd980000 - 0x00007ff8bda2c000 	C:\WINDOWS\System32\ADVAPI32.dll
0x00007ff8be950000 - 0x00007ff8be9ee000 	C:\WINDOWS\System32\msvcrt.dll
0x00007ff8bd760000 - 0x00007ff8bd7fb000 	C:\WINDOWS\System32\sechost.dll
0x00007ff8bf580000 - 0x00007ff8bf6aa000 	C:\WINDOWS\System32\RPCRT4.dll
0x00007ff8bdaf0000 - 0x00007ff8bdc90000 	C:\WINDOWS\System32\USER32.dll
0x00007ff8bce30000 - 0x00007ff8bce52000 	C:\WINDOWS\System32\win32u.dll
0x00007ff8be9f0000 - 0x00007ff8bea1a000 	C:\WINDOWS\System32\GDI32.dll
0x00007ff8bd530000 - 0x00007ff8bd63b000 	C:\WINDOWS\System32\gdi32full.dll
0x00007ff8bd010000 - 0x00007ff8bd0ad000 	C:\WINDOWS\System32\msvcp_win.dll
0x00007ff8a7680000 - 0x00007ff8a791a000 	C:\WINDOWS\WinSxS\amd64_microsoft.windows.common-controls_6595b64144ccf1df_6.0.19041.1083_none_60bbe31371f34e71\COMCTL32.dll
0x00007ff8bc9c0000 - 0x00007ff8bc9ca000 	C:\WINDOWS\SYSTEM32\VERSION.dll
0x00007ff8bda30000 - 0x00007ff8bda60000 	C:\WINDOWS\System32\IMM32.DLL
0x00007ff83e260000 - 0x00007ff83e2fb000 	F:\Program Files\Java\jdk-14.0.2\bin\msvcp140.dll
0x00007ff82d000000 - 0x00007ff82db1e000 	F:\Program Files\Java\jdk-14.0.2\bin\server\jvm.dll
0x00007ff8bd810000 - 0x00007ff8bd818000 	C:\WINDOWS\System32\PSAPI.DLL
0x00007ff8ba630000 - 0x00007ff8ba639000 	C:\WINDOWS\SYSTEM32\WSOCK32.dll
0x00007ff8be180000 - 0x00007ff8be1eb000 	C:\WINDOWS\System32\WS2_32.dll
0x00007ff8a9120000 - 0x00007ff8a9147000 	C:\WINDOWS\SYSTEM32\WINMM.dll
0x00007ff8bacd0000 - 0x00007ff8bace2000 	C:\WINDOWS\SYSTEM32\kernel.appcore.dll
0x00007ff8b6520000 - 0x00007ff8b652a000 	F:\Program Files\Java\jdk-14.0.2\bin\jimage.dll
0x00007ff898340000 - 0x00007ff898524000 	C:\WINDOWS\SYSTEM32\DBGHELP.DLL
0x00007ff897e80000 - 0x00007ff897eac000 	C:\WINDOWS\SYSTEM32\dbgcore.DLL
0x00007ff8bd640000 - 0x00007ff8bd6c3000 	C:\WINDOWS\System32\bcryptPrimitives.dll
0x00007ff8ad8b0000 - 0x00007ff8ad8d5000 	F:\Program Files\Java\jdk-14.0.2\bin\java.dll
0x00007ff8b37e0000 - 0x00007ff8b37f6000 	F:\Program Files\Java\jdk-14.0.2\bin\zip.dll
0x00007ff8bebd0000 - 0x00007ff8bf30f000 	C:\WINDOWS\System32\SHELL32.dll
0x00007ff8baed0000 - 0x00007ff8bb661000 	C:\WINDOWS\SYSTEM32\windows.storage.dll
0x00007ff8bde20000 - 0x00007ff8be175000 	C:\WINDOWS\System32\combase.dll
0x00007ff8bc830000 - 0x00007ff8bc85c000 	C:\WINDOWS\SYSTEM32\Wldp.dll
0x00007ff8bd8d0000 - 0x00007ff8bd97e000 	C:\WINDOWS\System32\SHCORE.dll
0x00007ff8be480000 - 0x00007ff8be4d5000 	C:\WINDOWS\System32\shlwapi.dll
0x00007ff8bcd70000 - 0x00007ff8bcd8f000 	C:\WINDOWS\SYSTEM32\profapi.dll
0x00007ff8afd00000 - 0x00007ff8afd19000 	F:\Program Files\Java\jdk-14.0.2\bin\net.dll
0x00007ff8aa230000 - 0x00007ff8aa33a000 	C:\WINDOWS\SYSTEM32\WINHTTP.dll
0x00007ff8bc590000 - 0x00007ff8bc5fa000 	C:\WINDOWS\system32\mswsock.dll
0x00007ff899f00000 - 0x00007ff899f12000 	F:\Program Files\Java\jdk-14.0.2\bin\nio.dll
0x00007ff8b3340000 - 0x00007ff8b3350000 	F:\Program Files\Java\jdk-14.0.2\bin\verify.dll
0x00007ff8bc770000 - 0x00007ff8bc788000 	C:\WINDOWS\SYSTEM32\CRYPTSP.dll
0x00007ff8bbec0000 - 0x00007ff8bbef4000 	C:\WINDOWS\system32\rsaenh.dll
0x00007ff8bd6d0000 - 0x00007ff8bd6f7000 	C:\WINDOWS\System32\bcrypt.dll
0x00007ff8bccf0000 - 0x00007ff8bcd1e000 	C:\WINDOWS\SYSTEM32\USERENV.dll
0x00007ff8bc790000 - 0x00007ff8bc79c000 	C:\WINDOWS\SYSTEM32\CRYPTBASE.dll
0x00007ff8bc230000 - 0x00007ff8bc26b000 	C:\WINDOWS\SYSTEM32\IPHLPAPI.DLL
0x00007ff8bd800000 - 0x00007ff8bd808000 	C:\WINDOWS\System32\NSI.dll
0x00007ff8b1e30000 - 0x00007ff8b1e47000 	C:\WINDOWS\SYSTEM32\dhcpcsvc6.DLL
0x00007ff8b1e10000 - 0x00007ff8b1e2d000 	C:\WINDOWS\SYSTEM32\dhcpcsvc.DLL
0x00007ff8bc270000 - 0x00007ff8bc33c000 	C:\WINDOWS\SYSTEM32\DNSAPI.dll
0x00007ff8b8890000 - 0x00007ff8b889a000 	C:\Users\UOG\AppData\Local\Temp\jansi-1.17.1-8195612789070211852.dll
0x00007ff8b4e40000 - 0x00007ff8b4e4a000 	C:\Users\UOG\AppData\Local\Temp\jansi-1.17.1-847644940493274605.dll

dbghelp: loaded successfully - version: 4.0.5 - missing functions: none
symbol engine: initialized successfully - sym options: 0x614 - pdb path: .;F:\Program Files\Java\jdk-14.0.2\bin;C:\WINDOWS\SYSTEM32;C:\WINDOWS\WinSxS\amd64_microsoft.windows.common-controls_6595b64144ccf1df_6.0.19041.1083_none_60bbe31371f34e71;F:\Program Files\Java\jdk-14.0.2\bin\server;C:\Users\UOG\AppData\Local\Temp

VM Arguments:
jvm_args: -Dmaven.multiModuleProjectDirectory=D:\JAVA\Project\EnergyProject -DarchetypeCatalog=local -Dmaven.home=F:\Program Files\apache-maven-3.8.1 -Dclassworlds.conf=F:\Program Files\apache-maven-3.8.1\bin\m2.conf -Dmaven.ext.class.path=F:\Program Files\JetBrains\IntelliJ IDEA 2021.1.1\plugins\maven\lib\maven-event-listener.jar -Dfile.encoding=UTF-8 
java_command: org.codehaus.classworlds.Launcher -Didea.version=2021.1.1 -s F:\Program Files\apache-maven-3.8.1\conf\settings.xml -Dmaven.repo.local=F:\mavenRepository install
java_class_path (initial): F:\Program Files\apache-maven-3.8.1\boot\plexus-classworlds-2.6.0.jar;F:\Program Files\apache-maven-3.8.1\boot\plexus-classworlds.license
Launcher Type: SUN_STANDARD

[Global flags]
     intx CICompilerCount                          = 3                                         {product} {ergonomic}
     uint ConcGCThreads                            = 2                                         {product} {ergonomic}
     uint G1ConcRefinementThreads                  = 6                                         {product} {ergonomic}
   size_t G1HeapRegionSize                         = 1048576                                   {product} {ergonomic}
    uintx GCDrainStackTargetSize                   = 64                                        {product} {ergonomic}
   size_t InitialHeapSize                          = 266338304                                 {product} {ergonomic}
   size_t MarkStackSize                            = 4194304                                   {product} {ergonomic}
   size_t MaxHeapSize                              = 4253024256                                {product} {ergonomic}
   size_t MaxNewSize                               = 2551185408                                {product} {ergonomic}
   size_t MinHeapDeltaBytes                        = 1048576                                   {product} {ergonomic}
   size_t MinHeapSize                              = 8388608                                   {product} {ergonomic}
    uintx NonNMethodCodeHeapSize                   = 5832780                                {pd product} {ergonomic}
    uintx NonProfiledCodeHeapSize                  = 122912730                              {pd product} {ergonomic}
    uintx ProfiledCodeHeapSize                     = 122912730                              {pd product} {ergonomic}
    uintx ReservedCodeCacheSize                    = 251658240                              {pd product} {ergonomic}
     bool SegmentedCodeCache                       = true                                      {product} {ergonomic}
   size_t SoftMaxHeapSize                          = 4253024256                             {manageable} {ergonomic}
     bool UseCompressedClassPointers               = true                                 {lp64_product} {ergonomic}
     bool UseCompressedOops                        = true                                 {lp64_product} {ergonomic}
     bool UseG1GC                                  = true                                      {product} {ergonomic}
     bool UseLargePagesIndividualAllocation        = false                                  {pd product} {ergonomic}

Logging:
Log output configuration:
 #0: stdout all=warning uptime,level,tags
 #1: stderr all=off uptime,level,tags

Environment Variables:
JAVA_HOME=F:\Program Files\Java\jdk-14.0.2
PATH=C:\Program Files (x86)\VMware\VMware Workstation\bin\;C:\Windows\system32;C:\Windows;C:\Windows\System32\Wbem;C:\Windows\System32\WindowsPowerShell\v1.0\;C:\Windows\System32\OpenSSH\;C:\Program Files (x86)\NVIDIA Corporation\PhysX\Common;C:\Program Files\NVIDIA Corporation\NVIDIA NvDLISR;C:\WINDOWS\system32;C:\WINDOWS;C:\WINDOWS\System32\Wbem;C:\WINDOWS\System32\WindowsPowerShell\v1.0\;C:\WINDOWS\System32\OpenSSH\;F:\Program Files\Java\jdk-14.0.2\bin;D:\mysql-8.0.23\bin;F:\Program Files\apache-maven-3.8.1\bin;F:\Program Files (x86)\Microsoft SQL Server\150\DTS\Binn\;"F:\Program Files\Java\apache-tomcat-9.0.45\lib;F:\Program Files\Java\apache-tomcat-9.0.45\bin";C:\ProgramData\chocolatey\bin;F:\Program Files\nodejs;C:\Program Files\PowerShell\7-preview\preview;F:\Program Files\nodejs\node_global;C:\Program Files\PowerShell\7-preview\Modules\oh-my-posh\bin;F:\Program Files\Nginx\nginx-1.18.0;F:\Program Files\nodejs\;f:\Program Files\Git\cmd;F:\Program Files\Java\apache-tomcat-9.0.45\bin;F:\Program Files\Java\apache-tomcat-9.0.45\lib;F:\Program Files (x86)\Microsoft SQL Server\150\Tools\Binn\;F:\Program Files\Microsoft SQL Server\150\Tools\Binn\;F:\Program Files\Microsoft SQL Server\150\DTS\Binn\;F:\Program Files\Microsoft SQL Server\Client SDK\ODBC\170\Tools\Binn\;C:\Program Files\Azure Data Studio\bin;F:\Program Files (x86)\ForceControl V7.2;F:\Program Files (x86)\ForceControl V7.1;C:\Program Files\dotnet\;F:\Program Files\Microsoft SQL Server\130\Tools\Binn\;D:\Scoop\shims;C:\Users\UOG\AppData\Local\Microsoft\WindowsApps;F:\Program Files\Java\jdk-14.0.2\bin;F:\Program Files\JetBrains\IntelliJ IDEA 2021.1.1\bin;D:\mysql-8.0.23\bin;F:\Program Files\JetBrains\WebStorm 2021.1\bin;F:\Program Files\apache-maven-3.8.1\bin;C:\Program Files\Azure Data Studio\bin;"F:\Program Files\Java\apache-tomcat-9.0.45\lib;F:\Program Files\Java\apache-tomcat-9.0.45\bin";F:\Program Files\nodejs;F:\Program Files\nodejs\node_global;C:\Program Files\PowerShell\7-preview\Modules\oh-my-posh\bi
USERNAME=UOG
OS=Windows_NT
PROCESSOR_IDENTIFIER=Intel64 Family 6 Model 158 Stepping 13, GenuineIntel



---------------  S Y S T E M  ---------------

OS: Windows 10 , 64 bit Build 19041 (10.0.19041.1023)
OS uptime: 15 days 2:56 hours

CPU:total 6 (initial active 6) (6 cores per cpu, 1 threads per core) family 6 model 158 stepping 13, cmov, cx8, fxsr, mmx, sse, sse2, sse3, ssse3, sse4.1, sse4.2, popcnt, avx, avx2, aes, clmul, erms, 3dnowpref, lzcnt, tsc, tscinvbit, bmi1, bmi2, adx, fma

Memory: 4k page, system-wide physical 16222M (2494M free)
TotalPageFile size 29075M (AvailPageFile size 7M)
current process WorkingSet (physical memory assigned to process): 267M, peak: 271M
current process commit charge ("private bytes"): 404M, peak: 406M

vm_info: Java HotSpot(TM) 64-Bit Server VM (14.0.2+12-46) for windows-amd64 JRE (14.0.2+12-46), built on Jul  9 2020 00:35:52 by "mach5one" with MS VC++ 15.9 (VS2017)

END.
