#
# There is insufficient memory for the Java Runtime Environment to continue.
# Native memory allocation (mmap) failed to map 266338304 bytes for Failed to commit area from 0x0000000702800000 to 0x0000000712600000 of length 266338304.
# Possible reasons:
#   The system is out of physical RAM or swap space
#   The process is running with CompressedOops enabled, and the Java Heap may be blocking the growth of the native heap
# Possible solutions:
#   Reduce memory load on the system
#   Increase physical memory or swap space
#   Check if swap backing store is full
#   Decrease Java heap size (-Xmx/-Xms)
#   Decrease number of Java threads
#   Decrease Java thread stack sizes (-Xss)
#   Set larger code cache with -XX:ReservedCodeCacheSize=
#   JVM is running with Zero Based Compressed Oops mode in which the Java heap is
#     placed in the first 32GB address space. The Java Heap base address is the
#     maximum limit for the native heap growth. Please use -XX:HeapBaseMinAddress
#     to set the Java Heap base and to place the Java Heap above 32GB virtual address.
# This output file may be truncated or incomplete.
#
#  Out of Memory Error (./open/src/hotspot/os/windows/os_windows.cpp:3315), pid=14604, tid=13872
#
# JRE version:  (14.0.2+12) (build )
# Java VM: Java HotSpot(TM) 64-Bit Server VM (14.0.2+12-46, mixed mode, sharing, tiered, compressed oops, g1 gc, windows-amd64)
# No core dump will be written. Minidumps are not enabled by default on client versions of Windows
#

---------------  S U M M A R Y ------------

Command Line: -Dmaven.multiModuleProjectDirectory=D:\JAVA\Project\EnergyProject -DarchetypeCatalog=local -Dmaven.home=F:\Program Files\apache-maven-3.8.1 -Dclassworlds.conf=F:\Program Files\apache-maven-3.8.1\bin\m2.conf -Dmaven.ext.class.path=F:\Program Files\JetBrains\IntelliJ IDEA 2021.1.1\plugins\maven\lib\maven-event-listener.jar -Dfile.encoding=UTF-8 org.codehaus.classworlds.Launcher -Didea.version=2021.1.1 -s F:\Program Files\apache-maven-3.8.1\conf\settings.xml -Dmaven.repo.local=F:\mavenRepository compile war:exploded

Host: Intel(R) Core(TM) i5-9400 CPU @ 2.90GHz, 6 cores, 15G,  Windows 10 , 64 bit Build 19041 (10.0.19041.1023)
Time: Thu Jul 29 17:55:50 2021 中国标准时间 elapsed time: 0 seconds (0d 0h 0m 0s)

---------------  T H R E A D  ---------------

Current thread (0x000001af6e42f000):  JavaThread "Unknown thread" [_thread_in_vm, id=13872, stack(0x0000008ece300000,0x0000008ece400000)]

Stack: [0x0000008ece300000,0x0000008ece400000]
Native frames: (J=compiled Java code, j=interpreted, Vv=VM code, C=native code)
V  [jvm.dll+0x5f8a9a]
V  [jvm.dll+0x74247a]
V  [jvm.dll+0x743c2f]
V  [jvm.dll+0x744273]
V  [jvm.dll+0x20d288]
V  [jvm.dll+0x5f5dea]
V  [jvm.dll+0x5eac45]
V  [jvm.dll+0x2c7e9c]
V  [jvm.dll+0x2c7cd2]
V  [jvm.dll+0x2cdbbc]
V  [jvm.dll+0x313fe8]
V  [jvm.dll+0x313710]
V  [jvm.dll+0x2a092a]
V  [jvm.dll+0x2a1a79]
V  [jvm.dll+0x71fd48]
V  [jvm.dll+0x321c14]
V  [jvm.dll+0x70112c]
V  [jvm.dll+0x392def]
V  [jvm.dll+0x394e61]
C  [jli.dll+0x524b]
C  [ucrtbase.dll+0x21bb2]
C  [KERNEL32.DLL+0x17034]
C  [ntdll.dll+0x52651]


---------------  P R O C E S S  ---------------

Threads class SMR info:
_java_thread_list=0x00007ff847d73038, length=0, elements={
}

Java Threads: ( => current thread )

Other Threads:
  0x000001af6e497800 GCTaskThread "GC Thread#0" [stack: 0x0000008ece500000,0x0000008ece600000] [id=14940]
  0x000001af6e4b9800 ConcurrentGCThread "G1 Main Marker" [stack: 0x0000008ece600000,0x0000008ece700000] [id=13512]
  0x000001af6e4bb000 ConcurrentGCThread "G1 Conc#0" [stack: 0x0000008ece700000,0x0000008ece800000] [id=5480]

[error occurred during error reporting (printing all threads), id 0xc0000005, EXCEPTION_ACCESS_VIOLATION (0xc0000005) at pc=0x00007ff8475a1257]

VM state:not at safepoint (not fully initialized)

VM Mutex/Monitor currently owned by a thread:  ([mutex/lock_event])
[0x000001af6e4296a0] Heap_lock - owner thread: 0x000001af6e42f000

Heap address: 0x0000000702800000, size: 4056 MB, Compressed Oops mode: Zero based, Oop shift amount: 3
Narrow klass base: 0x0000000000000000, Narrow klass shift: 0

GC Heap History (0 events):
No events

Deoptimization events (0 events):
No events

Classes unloaded (0 events):
No events

Classes redefined (0 events):
No events

Internal exceptions (0 events):
No events

Events (2 events):
Event: 0.012 Loaded shared library F:\Program Files\Java\jdk-14.0.2\bin\java.dll
Event: 0.013 Loaded shared library F:\Program Files\Java\jdk-14.0.2\bin\zip.dll


Dynamic libraries:
0x00007ff62f5d0000 - 0x00007ff62f5df000 	F:\Program Files\Java\jdk-14.0.2\bin\java.exe
0x00007ff8bf6f0000 - 0x00007ff8bf8e5000 	C:\WINDOWS\SYSTEM32\ntdll.dll
0x00007ff8be270000 - 0x00007ff8be32d000 	C:\WINDOWS\System32\KERNEL32.DLL
0x00007ff8bd160000 - 0x00007ff8bd429000 	C:\WINDOWS\System32\KERNELBASE.dll
0x00007ff8bd430000 - 0x00007ff8bd530000 	C:\WINDOWS\System32\ucrtbase.dll
0x00007ff8aeb90000 - 0x00007ff8aeba8000 	F:\Program Files\Java\jdk-14.0.2\bin\jli.dll
0x00007ff8bd980000 - 0x00007ff8bda2c000 	C:\WINDOWS\System32\ADVAPI32.dll
0x00007ff8be950000 - 0x00007ff8be9ee000 	C:\WINDOWS\System32\msvcrt.dll
0x00007ff8bd760000 - 0x00007ff8bd7fb000 	C:\WINDOWS\System32\sechost.dll
0x00007ff8bf580000 - 0x00007ff8bf6aa000 	C:\WINDOWS\System32\RPCRT4.dll
0x00007ff8bdaf0000 - 0x00007ff8bdc90000 	C:\WINDOWS\System32\USER32.dll
0x00007ff8bce30000 - 0x00007ff8bce52000 	C:\WINDOWS\System32\win32u.dll
0x00007ff8be9f0000 - 0x00007ff8bea1a000 	C:\WINDOWS\System32\GDI32.dll
0x00007ff8bd530000 - 0x00007ff8bd63b000 	C:\WINDOWS\System32\gdi32full.dll
0x00007ff8bd010000 - 0x00007ff8bd0ad000 	C:\WINDOWS\System32\msvcp_win.dll
0x00007ff8b62a0000 - 0x00007ff8b62b5000 	F:\Program Files\Java\jdk-14.0.2\bin\VCRUNTIME140.dll
0x00007ff8a7680000 - 0x00007ff8a791a000 	C:\WINDOWS\WinSxS\amd64_microsoft.windows.common-controls_6595b64144ccf1df_6.0.19041.1083_none_60bbe31371f34e71\COMCTL32.dll
0x00007ff8bc9c0000 - 0x00007ff8bc9ca000 	C:\WINDOWS\SYSTEM32\VERSION.dll
0x00007ff8bda30000 - 0x00007ff8bda60000 	C:\WINDOWS\System32\IMM32.DLL
0x00007ff8a80b0000 - 0x00007ff8a814b000 	F:\Program Files\Java\jdk-14.0.2\bin\msvcp140.dll
0x00007ff8472f0000 - 0x00007ff847e0e000 	F:\Program Files\Java\jdk-14.0.2\bin\server\jvm.dll
0x00007ff8bd810000 - 0x00007ff8bd818000 	C:\WINDOWS\System32\PSAPI.DLL
0x00007ff8b87f0000 - 0x00007ff8b87f9000 	C:\WINDOWS\SYSTEM32\WSOCK32.dll
0x00007ff8be180000 - 0x00007ff8be1eb000 	C:\WINDOWS\System32\WS2_32.dll
0x00007ff8a9120000 - 0x00007ff8a9147000 	C:\WINDOWS\SYSTEM32\WINMM.dll
0x00007ff8bacd0000 - 0x00007ff8bace2000 	C:\WINDOWS\SYSTEM32\kernel.appcore.dll
0x00007ff8ba630000 - 0x00007ff8ba63a000 	F:\Program Files\Java\jdk-14.0.2\bin\jimage.dll
0x00007ff898340000 - 0x00007ff898524000 	C:\WINDOWS\SYSTEM32\DBGHELP.DLL
0x00007ff897e80000 - 0x00007ff897eac000 	C:\WINDOWS\SYSTEM32\dbgcore.DLL
0x00007ff8bd640000 - 0x00007ff8bd6c3000 	C:\WINDOWS\System32\bcryptPrimitives.dll
0x00007ff8aeb20000 - 0x00007ff8aeb45000 	F:\Program Files\Java\jdk-14.0.2\bin\java.dll
0x00007ff8a8090000 - 0x00007ff8a80a6000 	F:\Program Files\Java\jdk-14.0.2\bin\zip.dll

dbghelp: loaded successfully - version: 4.0.5 - missing functions: none
symbol engine: initialized successfully - sym options: 0x614 - pdb path: .;F:\Program Files\Java\jdk-14.0.2\bin;C:\WINDOWS\SYSTEM32;C:\WINDOWS\WinSxS\amd64_microsoft.windows.common-controls_6595b64144ccf1df_6.0.19041.1083_none_60bbe31371f34e71;F:\Program Files\Java\jdk-14.0.2\bin\server

VM Arguments:
jvm_args: -Dmaven.multiModuleProjectDirectory=D:\JAVA\Project\EnergyProject -DarchetypeCatalog=local -Dmaven.home=F:\Program Files\apache-maven-3.8.1 -Dclassworlds.conf=F:\Program Files\apache-maven-3.8.1\bin\m2.conf -Dmaven.ext.class.path=F:\Program Files\JetBrains\IntelliJ IDEA 2021.1.1\plugins\maven\lib\maven-event-listener.jar -Dfile.encoding=UTF-8 
java_command: org.codehaus.classworlds.Launcher -Didea.version=2021.1.1 -s F:\Program Files\apache-maven-3.8.1\conf\settings.xml -Dmaven.repo.local=F:\mavenRepository compile war:exploded
java_class_path (initial): F:\Program Files\apache-maven-3.8.1\boot\plexus-classworlds-2.6.0.jar;F:\Program Files\apache-maven-3.8.1\boot\plexus-classworlds.license
Launcher Type: SUN_STANDARD

[Global flags]
     intx CICompilerCount                          = 3                                         {product} {ergonomic}
     uint ConcGCThreads                            = 2                                         {product} {ergonomic}
     uint G1ConcRefinementThreads                  = 6                                         {product} {ergonomic}
   size_t G1HeapRegionSize                         = 1048576                                   {product} {ergonomic}
    uintx GCDrainStackTargetSize                   = 64                                        {product} {ergonomic}
   size_t InitialHeapSize                          = 266338304                                 {product} {ergonomic}
   size_t MarkStackSize                            = 4194304                                   {product} {ergonomic}
   size_t MaxHeapSize                              = 4253024256                                {product} {ergonomic}
   size_t MinHeapDeltaBytes                        = 1048576                                   {product} {ergonomic}
   size_t MinHeapSize                              = 8388608                                   {product} {ergonomic}
    uintx NonNMethodCodeHeapSize                   = 5832780                                {pd product} {ergonomic}
    uintx NonProfiledCodeHeapSize                  = 122912730                              {pd product} {ergonomic}
    uintx ProfiledCodeHeapSize                     = 122912730                              {pd product} {ergonomic}
    uintx ReservedCodeCacheSize                    = 251658240                              {pd product} {ergonomic}
     bool SegmentedCodeCache                       = true                                      {product} {ergonomic}
   size_t SoftMaxHeapSize                          = 4253024256                             {manageable} {ergonomic}
     bool UseCompressedClassPointers               = true                                 {lp64_product} {ergonomic}
     bool UseCompressedOops                        = true                                 {lp64_product} {ergonomic}
     bool UseG1GC                                  = true                                      {product} {ergonomic}
     bool UseLargePagesIndividualAllocation        = false                                  {pd product} {ergonomic}

Logging:
Log output configuration:
 #0: stdout all=warning uptime,level,tags
 #1: stderr all=off uptime,level,tags

Environment Variables:
JAVA_HOME=F:\Program Files\Java\jdk-14.0.2
PATH=C:\Program Files (x86)\VMware\VMware Workstation\bin\;C:\Windows\system32;C:\Windows;C:\Windows\System32\Wbem;C:\Windows\System32\WindowsPowerShell\v1.0\;C:\Windows\System32\OpenSSH\;C:\Program Files (x86)\NVIDIA Corporation\PhysX\Common;C:\Program Files\NVIDIA Corporation\NVIDIA NvDLISR;C:\WINDOWS\system32;C:\WINDOWS;C:\WINDOWS\System32\Wbem;C:\WINDOWS\System32\WindowsPowerShell\v1.0\;C:\WINDOWS\System32\OpenSSH\;F:\Program Files\Java\jdk-14.0.2\bin;D:\mysql-8.0.23\bin;F:\Program Files\apache-maven-3.8.1\bin;F:\Program Files (x86)\Microsoft SQL Server\150\DTS\Binn\;"F:\Program Files\Java\apache-tomcat-9.0.45\lib;F:\Program Files\Java\apache-tomcat-9.0.45\bin";C:\ProgramData\chocolatey\bin;F:\Program Files\nodejs;C:\Program Files\PowerShell\7-preview\preview;F:\Program Files\nodejs\node_global;C:\Program Files\PowerShell\7-preview\Modules\oh-my-posh\bin;F:\Program Files\Nginx\nginx-1.18.0;F:\Program Files\nodejs\;f:\Program Files\Git\cmd;F:\Program Files\Java\apache-tomcat-9.0.45\bin;F:\Program Files\Java\apache-tomcat-9.0.45\lib;F:\Program Files (x86)\Microsoft SQL Server\150\Tools\Binn\;F:\Program Files\Microsoft SQL Server\150\Tools\Binn\;F:\Program Files\Microsoft SQL Server\150\DTS\Binn\;F:\Program Files\Microsoft SQL Server\Client SDK\ODBC\170\Tools\Binn\;C:\Program Files\Azure Data Studio\bin;F:\Program Files (x86)\ForceControl V7.2;F:\Program Files (x86)\ForceControl V7.1;C:\Program Files\dotnet\;F:\Program Files\Microsoft SQL Server\130\Tools\Binn\;D:\Scoop\shims;C:\Users\UOG\AppData\Local\Microsoft\WindowsApps;F:\Program Files\Java\jdk-14.0.2\bin;F:\Program Files\JetBrains\IntelliJ IDEA 2021.1.1\bin;D:\mysql-8.0.23\bin;F:\Program Files\JetBrains\WebStorm 2021.1\bin;F:\Program Files\apache-maven-3.8.1\bin;C:\Program Files\Azure Data Studio\bin;"F:\Program Files\Java\apache-tomcat-9.0.45\lib;F:\Program Files\Java\apache-tomcat-9.0.45\bin";F:\Program Files\nodejs;F:\Program Files\nodejs\node_global;C:\Program Files\PowerShell\7-preview\Modules\oh-my-posh\bi
USERNAME=UOG
OS=Windows_NT
PROCESSOR_IDENTIFIER=Intel64 Family 6 Model 158 Stepping 13, GenuineIntel



---------------  S Y S T E M  ---------------

OS: Windows 10 , 64 bit Build 19041 (10.0.19041.1023)
OS uptime: 17 days 3:19 hours

CPU:total 6 (initial active 6) (6 cores per cpu, 1 threads per core) family 6 model 158 stepping 13, cmov, cx8, fxsr, mmx, sse, sse2, sse3, ssse3, sse4.1, sse4.2, popcnt, avx, avx2, aes, clmul, erms, 3dnowpref, lzcnt, tsc, tscinvbit, bmi1, bmi2, adx, fma

Memory: 4k page, system-wide physical 16222M (2251M free)
TotalPageFile size 29075M (AvailPageFile size 118M)
current process WorkingSet (physical memory assigned to process): 10M, peak: 10M
current process commit charge ("private bytes"): 56M, peak: 310M

vm_info: Java HotSpot(TM) 64-Bit Server VM (14.0.2+12-46) for windows-amd64 JRE (14.0.2+12-46), built on Jul  9 2020 00:35:52 by "mach5one" with MS VC++ 15.9 (VS2017)

END.
